
Metadata:
File Type: PE32 executable (GUI) Intel 80386, for MS Windows, Nullsoft Installer self-extracting archive, 5 sections
File Size: 963096 bytes

Strings Analysis:
Extracting strings...
!This program cannot be run in DOS mode.
iRichu
.text
`.rdata
@.data
.ndata
.rsrc
5Xp@
 s495
5t6B
5`r@
tBj\V
uv9]
tDH;
PShr
jHjZ
t=9]
Phts@
PSWV
SQSSSPW
VQSPW
QVPW
SQVPW
SQPhp
u_9]
t@;u
t#9]
5P?B
@_^[
PjdQ
5LpA
v95LpA
vX95
#Vh;+@
WhPpA
hPpA
Instu_
softuV
NulluM
Y;5P
WhPpA
=@pA
5@pA
SVW3
5DpA
uk9}
tm;}
X_^[
QSUV
5DpA
SPVU
tU;t$
_^][Y
SUV3
D$4h`
PShX
8/u3@
8NCRCu
 /D=t
tMSW
> _?=t
t*Vh
t-SV
D$$Ph
D$(SPS
SWSh
tT<"u
SPSj0
D$(+D$ SSP
D$0+D$(P
t$0h
-d6B
ihE:@
_^][
SUVW
_^][
|$$3
UUUUW
D$,H
5x6B
t$,VW
u49-,?B
t$0h
5x6B
t$0S
|$$;
5,r@
5x6B
9-l6B
9-l6B
9-,?B
D$,t
9-,?B
9-,?B
9- ?B
5x6B
t$ U
5x6B
9-l6B
5x6B
5x6B
9-x6B
_^][
s8j#
5Dr@
5Dr@
=,?B
=x6B
u Pj
t+Pj
5Dr@
5x6B
5Dr@
5,r@
5Dr@
hTN@
PWhC
SPhQ
uv9E
p\Wh
WWhG
WPhP
j [S
SWh 
WQhN
5`r@
 u}h
5h6B
uDSSh
5Dr@
@SVW
=,r@
5p6B
5Dr@
PPh6
5p6B
5h6B
5`r@
5p6B
t&jx
SPQh
FFC;]
PPPPPP
5x6B
=@?B
=H?B
th<.u
t^VS
tM9u
9\\t
;:\u
?\\u
^j\PN
Wjd_O
SUVWj
VUhT
PWVU
t[;|$
PPPU
PWVU
_^][
SVW3
=$?B
@PWSh
$uhh
hHs@
_^[t
v"Ph\
=4*B
Vu-3
SVWj"
<6;}
%pr@
%lr@
%hr@
RichEdit
RichEdit20A
RichEd32
RichEd20
.DEFAULT\Control Panel\International
Control Panel\Desktop\ResourceLocale
[Rename]
Software\Microsoft\Windows\CurrentVersion
\Microsoft\Internet Explorer\Quick Launch
MulDiv
DeleteFileA
FindFirstFileA
FindNextFileA
FindClose
SetFilePointer
ReadFile
WriteFile
GetPrivateProfileStringA
WritePrivateProfileStringA
MultiByteToWideChar
FreeLibrary
GetProcAddress
LoadLibraryExA
GetModuleHandleA
GetExitCodeProcess
WaitForSingleObject
GlobalAlloc
GlobalFree
ExpandEnvironmentStringsA
lstrcmpA
lstrcmpiA
CloseHandle
SetFileTime
CompareFileTime
SearchPathA
GetShortPathNameA
GetFullPathNameA
MoveFileA
SetCurrentDirectoryA
GetFileAttributesA
GetLastError
CreateDirectoryA
SetFileAttributesA
Sleep
GetTickCount
CreateFileA
GetFileSize
GetModuleFileNameA
GetCurrentProcess
CopyFileA
ExitProcess
GetWindowsDirectoryA
GetTempPathA
GetCommandLineA
SetErrorMode
LoadLibraryA
lstrcpynA
GetDiskFreeSpaceA
GlobalUnlock
GlobalLock
CreateThread
CreateProcessA
RemoveDirectoryA
GetTempFileNameA
lstrlenA
lstrcatA
GetSystemDirectoryA
GetVersion
KERNEL32.dll
EndPaint
DrawTextA
FillRect
GetClientRect
BeginPaint
DefWindowProcA
SendMessageA
InvalidateRect
EnableWindow
GetDC
LoadImageA
SetWindowLongA
GetDlgItem
IsWindow
FindWindowExA
SendMessageTimeoutA
wsprintfA
ShowWindow
SetForegroundWindow
PostQuitMessage
SetWindowTextA
SetTimer
CreateDialogParamA
DestroyWindow
ExitWindowsEx
CharNextA
DialogBoxParamA
GetClassInfoA
CreateWindowExA
SystemParametersInfoA
RegisterClassA
EndDialog
ScreenToClient
GetWindowRect
EnableMenuItem
GetSystemMenu
SetClassLongA
IsWindowEnabled
SetWindowPos
GetSysColor
GetWindowLongA
SetCursor
LoadCursorA
CheckDlgButton
GetMessagePos
LoadBitmapA
CallWindowProcA
IsWindowVisible
CloseClipboard
SetClipboardData
EmptyClipboard
OpenClipboard
TrackPopupMenu
AppendMenuA
CreatePopupMenu
GetSystemMetrics
SetDlgItemTextA
GetDlgItemTextA
MessageBoxIndirectA
CharPrevA
DispatchMessageA
PeekMessageA
USER32.dll
SelectObject
SetTextColor
SetBkMode
CreateFontIndirectA
CreateBrushIndirect
DeleteObject
GetDeviceCaps
SetBkColor
GDI32.dll
SHFileOperationA
ShellExecuteA
SHGetFileInfoA
SHBrowseForFolderA
SHGetPathFromIDListA
SHGetSpecialFolderLocation
SHELL32.dll
RegEnumValueA
RegEnumKeyA
RegQueryValueExA
RegSetValueExA
RegCreateKeyExA
RegCloseKey
RegDeleteValueA
RegDeleteKeyA
RegOpenKeyExA
ADVAPI32.dll
ImageList_Destroy
ImageList_AddMasked
ImageList_Create
COMCTL32.dll
CoCreateInstance
OleUninitialize
OleInitialize
CoTaskMemFree
ole32.dll
VerQueryValueA
GetFileVersionInfoA
GetFileVersionInfoSizeA
VERSION.dll
verifying installer: %d%%
unpacking data: %d%%
... %d%%
Installer integrity check has failed. Common causes include
incomplete download and damaged media. Contact the
installer's author to obtain a new copy.
More information at:
http://nsis.sf.net/NSIS_Error
Error writing temporary file. Make sure your temp folder is valid.
Error launching installer
SeShutdownPrivilege
~nsu.tmp
\Temp
NSIS Error
.exe
open
%u.%u%s%s
SHGetFolderPathA
SHFOLDER
SHAutoComplete
SHLWAPI
GetUserDefaultUILanguage
AdjustTokenPrivileges
LookupPrivilegeValueA
OpenProcessToken
RegDeleteKeyExA
ADVAPI32
MoveFileExA
GetDiskFreeSpaceExA
KERNEL32
\*.*
%s=%s
*?|<>/":
IHDR
IDATx
e!P@
{wfP
 )II
IIJR
$%)o
 )Iy
$%)o
|.^KR
K<zn
H7OA`l
L}w\
;h:4]
 Tz,>
%8pt
6 l9.@
*<U,Cq
EQto
](?Q|h
 r~3^
P-W`|d
+b(`
(jMC
>f+n
\)Cz
_gKO
QwB6
1tADm|y
)Wp0
|lj1DZ
%hoo
L?=Eo
*r:0
tvv8Z
ZRfe
f]BITA
.Vyo@
*h!\
ms^a{D
L/'g
>O#e
/.*3=5
KY#2
#.D=
>FnK
ZS="r(03
\-~#
:|x}pR
P2<%/0
}>s)ll
cIOg
```y
<)-b
{M?x
t(M^g
,n8Y-
V}h]
WeK^
.18Z
5_4p
~1Ek
_*NM
P2]-
v1po
(scO^X
{`C!
R<'`
e}r 
e;6F}
~ww',`
4bs8
BB)}
hu9m
`_'3
c8rlX[
xQHN
VW'k
3y}[{
+?wd
TJzu
@+J,
S/C:
@+JC
hUPk
r:0Sf
o0_?T
D?Sh
Kx|Ag
[oT^l
n@:#
t,\$Z}TP
y>Y,D
2'`I
wu3S
yU~%
<k$ 
.@M&
XsN)
PgRY
5k~&
,_!F
P~,>
D:;;D
D"D4=x$
\(?=
K}ux>
@>THR
)ZGg',Y
hu9-
f%,_
AXo^
PzZf
I/@KKS
~6(?f*
@J,1]
iE?U
<+p 
/qSn
0-xh
F]L.!
8U(4'
O(/p
AXg?0
b.@ 
uqU$
V$[A
<jED
]~TO
]B>Hw
JP)W
0)KI
&6Vt
yk``
_H$r
5boj:
[5==
)'hKb
q^<p
D@&#a
<xyTD~
nYj(
QK`z&
d 3>
uCej
M*hF
)ds\
JA=)
[Zn!M
4oA?
M=pI
u A@
?rHZ
P~$d
/oJ~h
cN^t
16[>
W|}^
?d39
g2Hq
E"?v.
0mX`-
Ypl8
#0UT
garh
d`JMBJ
qhAE
4:O_{
=zE^
>Rm)
c@P'Z%
RPz&
ms"?
93<o
x/BUk
up,}
>.3K
?pg8
h%SP
PqpQ
DWwR
"!Haz
32%xZO;n"m
-s$mW`
gMr)
?+)4J
Y=zP
Jxht
:'&3
>d7c
LA'2*k
x/@-
^p\7
eLVR
)+PMf
}mlN
81h.
\E+(
b>WG
c^}rn
W' Yo[
u%qS
EA`)p\
RmK1
~*-8N
sE5_
{WN}
Ck\f
4h`C}
Tn}ZT^
Qv~6
'7(-6v
ACU(
`7$g
GH>cK
=$m7sS3
LA/C
PIAsl;.
^[O&
QAOW>
Ky+zb2
2g_V
OKsW
*. ,
1_\sj
SY"/
`b_S
Y{;7
U775
@be`
0M(?
.Z9'
rU\q\N
/{-(F
KzF 
~\JL
u%Xzj
]\W?
b!li
1~70
m8>Q
8nJ0
!*[l-;vO
?L0a
U5}y
_y'(,o
Hm^*
f5tk<
C|VA
%HXB
<K;~
,U|-
uL_w
a5~a|
;`JI
(,dc
?rM{
 5<L
ASay
)65:
NQSE
%(f2p
e349
*=f-=
cT[}
_.9j
T?F*~
5~L%
}f3v]d
/S^I
P0m#
h8D;
pL[/d
MZwK7@
Q+C&y
{ g2
r09t
[5v}
{OB~ec
Aq-@
#}KV
cPqx
iiBT
jvU6O
D6 G
H"9U
}6ke
n!!/
IEND
gM4z
`H1o
!!!!!!!!!!!!!!!!!!!!!!!!!!!!!!!!!!!!!!!!
MLMMMMMMMM
MMMMMMMMM
VONN
{CA%
IA2%
^YWP
{CA%
yA3%
bZYP
e[ZQ
i]\R
mb]S
nhfT
}EE&
|DA%
}FE&
|CA%
}FD0
|?A%
|EA%
}JF4
}FF0
1121266667677=7=7===?????????????7?
0??GGGGGGIIIIuu{u{{{{{{}{}{||{||||{=
ccbbbbfddfffhhhiiikklllnn
]c]ccccccdddfffehhhiikkklllnn
]]c]cccccccdcdddfffhghhiikkkllll
h_]]]c__]c]ccccddddfffhghhiiiik
)$)$%)00*060666=====>G>Gttuzzt*
%%%*******11v
<////////////////////////////w
QQPQQSSSSTUUUU
QPPSSQSSTSTTT
STTT
K+,1,55555566@@6@@@@A@@@@@>
acdddeeffggiikllm
aaaccdddeeffhhiikllm
(+(+,//>><KKpLrtzzy,
}LLLDDDBDIBIBBB@@;;;4;////))(9
ggvvwggvvwggvvwggvvw
gw|ww
w|ww
w|ww
w|wwvp
~~~~
xxxxxx
wwwww
wxwwxw
gffvggfvfvgfvvvvvg
||||
|HHJJLLOO|
LLPPPPyy
{~~~
<#####! #     #  v
pZZ\_aabdghik
paZZZZ\_aabdghik
mmmmmnnnn>n>>">""z
uEEEEEEBBB8855/5//,&7
#ppooprrrwwy|||
oDDFFHHgo|||
wHgglllq|
_RRTTUVXXZZZ[7
i_____=;=;999d
bbCBBB@>>>200,)*
wwwwwwwwwwwwwwx
n|~v~|~v~v
~~~~~~
gwwwwwww
|vwgwwwvvvvv
hhhhhgh
I..0046:IV
`"`6$V
F*!**+0<$V
I0`+`0`<$V
Z@;;<<<<KO
bOIIIKFGCO
>6441111,5
>iiiiiigg7
>igbZOFDi6
?jie_UIFg7
>ijieZUKi:
?'%%%%%%&:
 a[[[bba[VV
vvvvvvvvvw
xn~~v
vvvvvvvv
ggggh
<?xml version="1.0" encoding="UTF-8" standalone="yes"?><assembly xmlns="urn:schemas-microsoft-com:asm.v1" manifestVersion="1.0"><assemblyIdentity version="1.0.0.0" processorArchitecture="X86" name="Nullsoft.NSIS.exehead" type="win32"/><description>Nullsoft Install System v2.46</description><dependency><dependentAssembly><assemblyIdentity type="win32" name="Microsoft.Windows.Common-Controls" version="6.0.0.0" processorArchitecture="X86" publicKeyToken="6595b64144ccf1df" language="*" /></dependentAssembly></dependency></assembly>
NullsoftInst
pb5D
,7G=0
\CgD
N_!i&s
P44}
dY7R
n nK
HRq&Tif
v/-<
uI( 
<lFftk
F}.#gd
'p[s
%6O#IRg
lZ"cn
vX4'
satLm
II"Q
H*vHE
\hRA?
c/ed
$Hap
|NLJis
c^)H'v
Lbto
,Jva
;)e5
HS("^
e54G
BS3OV
o,W.
:6#8
q;fXWm
5R"$E
:S<L/7
^+{d!
Tm]fch
^GF>
L-M*=
q(7w
V+&7
buFE
4oEra`
Ere>m
_wU#
S-b}<JLc
h8#uK
M?mI
~P+0
`5XvL
f&48
vxHW
i?"k{(
Z_A}
(WL7D
yd_R
8m;$
qY+{
`(x~2
V79w>\
^5H 
O*?Uu
=Di'
YbVc
MbI4% 
!a/a
XZJ!
mOZ{
[9^"YM
IL F)@
:m:S
vn!wg
UAd.
'?72.
bbez
w:0E
+{)D
i35d
D%UrS
VeqH/
I4;5
uWBU
j[hrD
345y"`ty
'D7qL+w
O*2L
Gc.H
@kClV
nBML
I IB
ln;3
M^K['
/r]Ih
Dj-@p
wCmm
+w&'
MUC,
ng}7c
5!~Ogn
!ECOh
Zx;vy
fF8N
7[mRn
Xf9Dh
@E]_+a
:h&O<Y
@J2=
Fs<s
4_{C
Xk/8
P]EP
kQ1q
e#A[
<[lx]
|.3P
HU#VS
g,!)
iT@I
5upD
8?CB4g
N|V-
0owA
v ZP
HY~a
"'pu
@?JG
==,@
TSxl
(+?b
}nyJ
sM;W
P)N!
'6QIG
{Z)7
W}Zrw 
j3X<
A0yL
w25:
}HI:
[,SL
Mj>O
Z1xb
c](6xv5d
Ch9"
U_'Q2
{K](
.?Ey
R:8cq
= w=
t[,n'
==Gz
JWv%
Gs6&:e{
UEH|
9,h=
|69T
&P95E
_H<sGoe
RB]7
XyW"
)bv9
P^hd
Xg00qDv
7U;x
U&(n
N^M3
n|WF
-`1P
1]v`
\wgm+i=?
2dQP
)MEb;
4.B$
}N}?X
oj:a
">h.
L($b
E9id
|D+)I
z!bNN
Ejz,
|'wo
Lr)=)
IV+;5UI1
7w?Y
@xEuD
cZkE
/:A4>
R}Tj]
nGYD
bR1t
;|5^
,Gy6
vV[f
qbkE<
k8n.
kSRvBQ
e.jd
(""-#
U;*d
;=#m
v)|@7
z\1?yl
 c4"C
C(qv3O
/]Jc
[Sm{4
d1OPK
NH/2
k/-!""(I
A1Ti
;p1>
[ Vi
]net
AER7
{*|`6
'|}oX
J!.L
5;TL
e1E0
aIq&
:LCWd
!FF8
ohWG 
6LjcKh
P82z
/^>M
A,LFF
[M&1$
j&9i$
9wqF
Mv`cA
R5@D
e8^G
_};9
$bm%
-Gdo
(/]bn#
1yZ|
2fj~9F
9O7Q
LF}-w9
Z7(;7kK
h%S0
U4E;q
d!o|.
zXlB
a2~7
G_:/'
x0bY
>ED8
?iM$
,!n&$=O
Q>s#
4-KCO5zX-
t=eO
&" r
"b2)
O{oAP
@ON1
ZVfc~@
x2d1
=G:L^k
G[S#
[T<4J
RwukN]
R[0Y
D[sd
|@}k3Fi
&Q?7G:t4
k++0
6;<8
dZ;1
DmW>^
<6;|
^I~A
,/T}[h
D3Pu`3
xlCtqf
U1bS08a
dHgs
ldo9
B/_A]
+O9i
ls >
A:,b%E
x,?\
Zl?> 4
vdfg7
:f/-5+o!#k
xUm|@
oc1u?<
t.  &
GTpuL
2o0}
E>0c;L
YKER
OO%.
wL;G
nu+X
f@BFk/#
U~ O
v2|{8
Q'qu
Bf0f
*{@W
Q(kcT>
_}mXx
XP&1
ViM=
E>bu
k`vy
EEbeM
hlu,
]EG0=/
?I'?Y
l+'N'
.#da
5:j"
CVC,
_{?*
Sa3el>g
-i~&
5gu9
+JPD
Pygw.4
aGiR
\ _E
2r-[
%Xu9
7D|8
01fv
2/Ec#%
1+,[rh~
NVIH9
PKQs4\
\8PZ
O?|Ah(e
gJ|0D1]
`)hx
D^`GU
L@X7BMV)1
j=5t
UaXk@,
sGC=b
xu'QY
N7Ve-}
I*ec
ABs8r
hqA-
O+Dh*
#H&gJz
-Y62;
 &uG
g1pm
sznJPU
GJ(g
5DBo
QKY[W
_0?|
#w.1
IT;qth
!,SA[7
jo:0
B#G\
#^|@
e'BZ
HLdu
]fK}Q2
YwM*
tk-I
].sPn
IuRZ
(C?u
@g8D
8N7{
m/1|Kh=w
"HSi[
xw~Im
,P<+99>
taG'
sa3^s
udj#*
jlH55
e9y@9
^m-O
pmpl
R,w\
y-Vl
f)Js
#{;9
(I46
~?V+
&Dv1
E->)
MiJs@
V^F)
]q'KE
(1fd9
<3h`f
Ua#V
Qs0!
<+O$
w"sirmx
>q]h
Si)3
*Q*r
dcUy"t/
A(Ub
n.TA
|z^S1X>
`jF,
mp*N &
}|+7r
+L>\"
}Jvj
>wu@
LD@S
UcYy
PgMA
K*+ef
`26m
#&DW`
G[Kt
"-@Q
` i`C
\BAI!,
hMK3qrq
wUjZ
:8g2
tXY4
N5$t
30![F(
46U%[
~}C$6F
4D`W
C={qF
ye2+X
2;\O
#hgge
2qj||
`oxJ
$oF]
en4+S/
yo7N
?:p5
:oiMG
8$D:LCm
4FqVq
])Jg
9Onk
/gf6
e_@'O
?MuzcD
.crtY
e-fDd%
eu9K
Fp}:G
hJ+Ap"Y
#Y{L
chzK=
h!@*:;^
lDo)|
J> @
lS3)
+SbC
Su\d
#3X|
Oo6v
prPa
Ytx0
J`BZ
x Bt
J#3#/
,9:Ea.7
/1kH
*998
W*YK+
jB~Z
d &jV
PJ0a!a
E>9?
Pi:^J
vB!B
,dhN
jPcm
._`l
=sXn
6%q[oH
{WkO
Tisd
GCK|
(1F|
u3z*
p(FsB
R|t}
H?iw
4y%{
4~$LA
d;Vi
 I~f
/S?"
jvR6)
hY0QK
^Gl 
Hmn)
kBuz[
4`2M"
Tp#p
Y^[7q
6ujsS
(1&K.;
K0@/
R-dLS
Tmcx
hMwi!
KySU>p
!\I4
73\j
[s0v
*[S@
D(;p
kyG6i
`b*T
`W+y
 @vJ
?>YW
E 2>
Hw|@
0pNb
d>\2
n.U<`5
ns=#
ayK1i
HX-s
d?Q<
}?1<
m^dn
N}Je
ve~:N
+dDE
SOi]
$dmsw
CJR<n
CemU
l?T^
\fQ_
fqsX
KD4:
0gRu
SZ9o
yhq<`r5
*_e*
]\T+
\$&{.
-6#.
gR k
R{;I
=)J\
Oa-gq
&@VK
9eM7 
+qbK
B97}|
T=5J
qLeOrM
#C=l
&3vVv
KmT3
FbjJ
#XY+k
[QM;O}@/41
JC/K
2`^<}I
SNss
4O$H
|ZvH#+
opXo
VfyS
*GheF
'.pB
?QG+|
]gEi
)>nLN
]-RN
YZ)?$
}0ID
f'tO
P#?L
ZL`|>
9&@D
9Eb^"
=Ylh
VB{z
QHUn<;v
^R.RK
p-m2
F_M:K
>\ao]
JEd4
]\O=
-{:I
Zx{]{&
59Zx.
Skl\
u?5P
'm#!
kR"d
H;{d
^iJ_
E?gm
Kacvb
G-S[
x6]J7<B
Xh)w
Y8)6
?7&*hl{/
.Tw9F
`Z^W
93o0^iL)
#X^-HY;
fcSw
s][T
LhJY
z+ef
O?Fx
=HuJ
T"p3
Zs/9
Gbh[lm
NH}Q
%:H`t
F5,6
Zj8E,
`(*L
&s&/S
^TT=
"%<r
d'7m
;u6cEF
k\'<
g'2=
H'304
it= 
+B.^
Oh8`dr
]Io|
Yo@4
X03`4
_UM>(p
ZF&|"F+
1.Ok
($"{W
qeTE
ajon
9!`6
Cwd{
{4n>:
?g$Q}
[iUK
)Yo_P
tC06
)L6h43F
z%h}
$Dfbf
0X'M
$]1V
 o5#r2
Z@;{
4~?q
}!En
tUx.
{t:s
6& J?
-\/t37g
&syQ_
@3Z1j
;0MW
ZQ0:
ED4yx
!1{:
h_;z
;G`Pv
R EI(
+ZbH
&8JX5zn
[I/rH
2r_z
6h<M:
]"7H
.9'z
}p1Y
gyEG
48/O
^NoM
xt)Oah
I1N\3/
BRgS
d:_3
g=&:
8 ^Ew
1qUK
Rv_+
APP?
9x#E v
hx[>
)>7QNz;
v{%n
cW62
7Ls|V9k
w]rH O
P#[%=
5@=;
zu jI
r-\l
L/X-N]~y
PviH
ha^W
Uo79
OM`3J/
#%L`Y
vehT
8bTy
;im"
o]&k1
['4#
SmX-
9aH!
'3al
eah1
fd&L
=}@B
?`:kj
U_\(
d~FY-
!yCX
P6JaTs
'%i,j
hc#fJ
t$S.,e
Y:x8K-
'Iac
DQ(wK
k"T)
d#$WJ
SUuD<i
8/-5b
Zfe}d
.P1>/,
6%gp
'oqp7
v'Cu"
;MR,HK<
{i!j>
gTx0Y
X{D1
gcdJ
hv.g7
5=ws'y
sv'nHN
(4Qs
isz8
6-oF
eb_0!
%jQc
Vk_1A
0jHus
w^v~).
?JA"
fa0V
'~CD
'B.#TB
{XM&
kG<Y
/zKC
u!9#'7
t5 R
E|XIw
-D73]
gr%=
wOib
`nE.
3FR.i0>a
!rrK,
9|`Ov
*HRT4
|Tj"1;
Jh~>0
A$@j"
`l2.
beCl
h9zY
H<X&im
)f^b+q
A:zt
rsyM
y?zZ
RN07
d8*o
QG~kw2
Ip>NPRG,
LBZk0
MvsV
z_o.ka
W|UY
vfiRs
.dxJ[
,y\J.
SQvM
{0u'RD
W'a%
t/LX
H[4f
8(;w$
/Q&FOD
?R>E
y3,/>
EU[CB
/9Y=
sWqw~
"Y w
+~Kt-E.
$;u7
n*Xl
dRy*
xip7
8Q"_
_^8Hj
+Fug
`I' 
gmJuB
<0<T|8
ADx1N]
\;GS1
3vWBr
AHgF
J/Rr
+o?a
#IV]
*TT"o
B54S
4`<]n
M!&\
\~Hx
Zoi2
Oq%0
-3^Q
.%wh
Hmf|mK
 EK;Q
TP@[H
\-Tme
C$w_
_<d)9
%ubb
Y(RJ
i(\N2
;?"h
$)<=
yPC&D,
,3B8
F=H#h
e*[hm
4-Y/
>]i[
DT9\cN
=u*_
AkN~
!mq~
e24v
lA?e
i5[$
jk0e
3#D`
%M$})UJ
J64A
o,\2l
4ZKV
X$?)Z
jphb
r>E,
ryr/I
r!{]
a7< 
*wX!
ol$"
.9R~
h8,y
1j&L
(Vgvoqo
(/K=
!ZyN
=+Qe}
zS-P
JZFi/
Yc$L
]l ,.
tgA>
qaPmt
|WhJ
>bFo=
<cNQ
>F^gH
@V`h
`*<@
orys
fbJ'
1"n.
q><$
oTMA
7>8-
{2|E=
Rk|:
!@Qf
6?SO:
~q@"0
09yf
Hm1A
f{HE
9U V
a\#0;
`}Rn
]w%3
~C@pT
A_&F
=c>o
#6Nqo6X)
>"(#s
fCba
rZHNp
QxQk3
lK&Q?
'{y/
43YEF
pTXDo
yqo#
tBq|
'uO)
LR?"
_,[Y
^zl6
=PNY}#
C?gM
XgFWn
~3R;
=a4\
+dF&
24`(7_y
7{HHv
1AVw
1`Ik9
9BQc
DyA*
5 =k9
m1Ym
`#[8
3cc9v|
RNK\x
HZL9
2v'5}
M-<yD
|Q&rm
VT2b
vyFMB
4nYe
(Nm3P
VFRt]
GA\Z
=XT:
}7Myp
JvLs
}QwV
63CJ
tX D
FH2^
12CV
 ^>2
D+P.B/
\za|
Bh16zn
T+|M0
C{ _
#@J)k
Y&oGE
||61
uJGx
r5D|f
3Bs=%4
D*jv
+eO}
.*xk{#7
+ZT:
xP5Qr
P!<<
K9!U
g(w@
`2X.-
9* m
(\+[
<[jr
-$v3"
GRD7
'yf#
&iMY
\n=~
p{#O
-p@w
2mr7
^/@.UNYW
{KR*e
T)n&
pBG&
Sda)
9uWg
FZqqM"
/S{J
eb8_
QU~.I
hQXB
z~7#
fI;f
kX^Si
By+P
!4#"J
jQq(
T2N?
]2aw
d#~S9x
{s9} 
%p$h,-?!
2D-i
>&9q
<JyN
`,?~'
e(i%3
kSv^
2yOa
r(cS
a.sU$G
z>3%
I1{(
R.m[
SZXc=V
Vn%Q0
wK5v
puD.
]M8i
aB$K
k|[su<Y
1tIB?
Zco 
2kq@
LyH|
 FE-
'w >
qvjp
W$36"$
N)(N
j j;8@
GNK,
o*'r^
>#tP\
]B K/
KHo!
wS-R
GTKn
9#>J
PNO1[
U]nQh
QP[7r
F8N6n
i"r{
B5@T
Rx<?2
p`sn
=<i{)u
LG:J
&#6sX
NG!x1
=)%Z
CkzU
xTXw
5Z:S
\YST)8
Dh'*
rF>\
@4][U
r#r<
5d^7
.o%_
e`*D>TN@
l{w|~
4n!6
bv-H
l?#9
v[:/m
~i:?
h]}*
DO`o~t
o>G@s@>
JTZ'
Pn9_@
8$ED4
G1:H*;
Y@0AOj
Z7F)
>hzXzeIw
$=Zj
XH,0F
 5;H
<k@O
f-nOc
so[p}
`|` 
VWW,
l'.TB
)!MK@i
f_dF
u%.<
[F}(
!lVT
\62Qa(
{D`fu]
hmx$
@4Pg
kKJU8
)jO0
A$p,^a
ZIy]
%*~6
sYL1
8IvH
b4!q
Lp!o
&q,P
FDVi
I]oX
sW\}
2^zD
T>1N~
^7:cB
B~}t
CJgL.
NFD;
tIOp
w7_S
.([[$
|wi4
w:~:
c"qTo
Xkl\
h;<Q
0Y;|G
s2!,N
T0ETzz
yL2!x\J
\>cnL
']sE
z ?.
?'v]LH8
*j\(}N~O=
^"O2
v6*3
)fUH
4}C^|/P$
nJ+>1
X61G
a4Fq
/bsG
! Gb,
]qg'
KlYi
P7.n
?[KY\
F&_Dg
LMrDH
csCG
m(S&c
>[/]`
!tzx
~v!t
oxLp
XG|E
N _z
Y{R!
WoD&|
ZMle
&"ab
&oK?$
\0Gexz`
L-nG
W1olT
?-d0
e}&D
f`*Y
9f%C
#g!'
.y+8M
BR|m
DZ6!
e}K%;
!1;Q
xMPP
ygq&
vNWJ
gC[X
"]w^
3GCWO
fG_z
`Cvu
b!<<k)
(QeG
SMl%
cndp
!O<Voj>
&$oxa
EG04
/n.E
AeN$
:PhRW}
T7#2
X"]cY
$ ^O2
/jgU
+(/u
JXL2
M;~z
66+_&
VEf*
%j*w
k]=%
m[2_(
Au*>
;}pH
~3g)
z6R3
Z.]y
ris@N
<`D8g
)0ph
.Nwv
XZ^O
=jrNH
Cab*
fzO[
wj1\
QW(-
jchy
MjRf
17<dzg
@KV]
*/fs
4ooF
5en=[\
&^Cg,i?
O~HB
)qF>
O6^4
Clr<
7.#H
^5F|
U#sm
2d_n
R84d!
dCd%j
P'90
dgPp
kgL)6ti
C*+x
_k0>5
mU>M
{LRs
"[H7
tzWL@d
HI?'
{pV(
Xr9#P
LD))(
jN9u
f'Ds
9Z\%
(t^=
9Jcd;
mgH1
_s[Y
Nji"
eQ{]E
k@[cE
:))/^C[
@5=!
qt"/
cYCC
o7?"
mJSWl
0~kD
eozX4]
lJto
4ia1<
!R%yn~~9
n\cb
\Edw
I;@S
v`_+"
Qc0h
C;8A{r
+&w*
a*DcM
96S1
6c9V
wX;+
B2jLn
l6rXK
1WLk
0UtV
zBb2
8Mkb
U5Znb
fCXkmM
1R[n
lmfy
)r-s
 E|$
;epE#
jhN[
i0?7
HY9E(^
65(/
?N1l
),Pl
[[YWs
#Q~Ws&
>M|x
#\+@
jQ"a
7L'4
"[=L)N
q\}]
6o'6
]5fn
8d4Q
-' #-
6Ypu
[: 1
;]J:%
#=yt
gnd9
;aD]
4aUc
&9H`
<q*E
v01b?
8_PTh
;X~&
IuFQ,
'BT&f
"uSe
~S8~
/-KB
>jZ6
(O=t)
;52(
Vk)^S'
`K"hj
I;zj
KLi+
@4;B
1^pf
yo `
r5_G
oApMao
uo5/
]:0U)
BVRx
':7Z
C'Y^
B2ISp
e1#3
ck]2zu_n
Ql3#E
08AlO
:_P:
XJ5{^
mHwt
uI&6
8%X]
U),:
f:@~
YZWd
_^M<
DQi5M
072<
%82@
a2:?%
)X?;9
[5i_{
;>Q<
hz/,Q
Hw|5y
U8%F
N=p7;
!%J2
MJuu.`!
[)Vj
P,16
>oTr
@%(2<
)@9+
Z}+[
9I{N7
r%Ar
&[;D
ojr1
7nxu
2c?}
^*WE
:sc#
Bf<I^B
HG/s
)3MA
f31Y
Gm[}
Lb[?[
 -Sp
avP r
GrG:
QlS+
G(B/o6
7Nl+p
+VCT
=)Uj
4=/8
Scyw6
{,gLz-]
>"m;
x_KL
_TovK
Qn5s
/01$
M[1w_,[
?#@Ff
cUSy
M^`[
N%.3
1#4I
Eq%H(3
q/dJ
UZ:0|
qE[=
3abk8
?|:d
UO%FO
<)e-
X$u.
CcpZ
8'FG
xNaA
ujzg(S
C(A-
,GC2[
b #$
"'!S
=O"{
MF`W
~E8U
,HKNM
j0~[
jr19
O/E6
9~3c
<-vz
G}WY
7eUW
]ZPg8
FX &g
zW)=
 fkJ
-Va"
7j=Yt
%]eh%
z2ry
OqhL
z5F:
L5n%
Ze;^&
m=dZ)e
xU!=e
!"<e
cx5co)[
AXlX
BY$-
.[k|
/GjMP
`XYj
/F5t
Yx9#
q`Gb
|]f<
kb5j<
@WgO
eo/wb7
@##B
P4lt
*@aV|P
K`o_
PW#R~
#;X{
NE~>2.
^'\Z
J{e2W
|:b:#
EWC"
~bK2
z<bH!
N8hk}
J{_m
]MC:(,
;ca+:
I]<sIQ
hm%`9
T{(P
{J|Z5
Pcdb
gRo|
!9WJ
|^u{'
\fV4A
`64F=G@|
U"fR
pb1DJ@7&
@LH'
Powa|
DZf%
wB7x
p%DmQf
SyX.K
Sg9XL%
#fD*
S``2
l}|!-0
cz`C
X-jl:
\\}C
FvbP
&^s/*
6RWoT
K>rM
9?dj
1T%b
DN6-Alby
TX}NC
&w1)
l&:gA
cR26
M<U~U+
'yPT
2P1(8[
Wbg#O=
7'=$
rOLA
uNhs
9-"JX
Dy2M.
yI.A}Y
Aq@|d
29~_
^?;ng,
PwWg5
6xc|)g
s9PG
-@:/k
|Khc
GPOZ
LMcxJ
B/XS
Ati%
+*P"8
cQ3B
(7=s9G
$AS%
wjX5;
sEzk
X3n\
imY!
#F<A
hX&+
D<qST
{Xp?
vg~/2
]{0:-
KzD-
<2BBZ^
J(z@
Aw0q
DYStY
sfOk
S/jr
S}&'"
9i<jLoEQ
:Q|.Bzh
JrC\k
4S3_
s~ij
3Zz_
^]tj
=LPa
m#h=
&#(.b
hSAt
O8Ypi
Z'e)
{mj+
]Lia
^$nXk
SVL$
7lB#
F58]
Z>cR
T}Qp
qxIU
8dh>
oi69
o6KJ
<v3I
0!lC
!Aw$
sb]9
ZqWC
?8q5
@gK%
We5HSM&
;drTZ
0TF+
Z|qN
O+&a-
W]EUEq
\F!l
P;i;
l6:d
,yIz
uv]`7x
&E``
?AG=G
.M<9=
Wx'b
.r:Z
>`+V
JIk 
r6l(
~HVy
}~4o
$]bj
qFdE
n=/`
',R|
%RE(
,3.%
j>kK
}f9cYn|`*
vPTCV
1jj8
&zl5'.
(b/a.
sQyTwy
vB1<
I'\i
RSz)
D_j1
hhej@
H(G=
w$ke
&L':[Y
-y_%\l>
q[zq
`V}3
VljT
p [Y
#fgW 
bKe.
M-14
zf5A|
5rK, 
X=L=+{
pzJ)
>ZO*
-j1MS.
%rEF
{.KA
OvV$
@Pjr
-SWo
f\6g
Js?]
!KIa
-k)6
y&hy
|-Zw
vaZk,d
jg 3A
;2.)
x3{8
"h(D
4|3l#
GXH.
K{IPiA
U_Y8'
-nPv
a7#p
&e}euo
"RZ>Ul
d><@
mo/a
uj~,
e"xL0
q+EwJTe
8GiI
+i!p`
mHWU@
/Z:QW
I}]>
!7`'
+Ikr
,IKTD
"du_
uUFwlg
TkUL
Cp9\
G-</
k\827
X}`17
^2q1
6<(9
?+Yq
V4j@
$=ea
DxlbUm
f66a*P
t}e'
n%=&^[
gw0ip<
lzZl
qQy/Z
=G3C
I?FB
7!Dep
zW~u
}12O$uSh
o\?y5
Lm-\X
N83V+v%
@:`M
l<_5
*^;n
\]Z+GI
mmMG<3
k}}e
8ehx/
m^&G
SREes
qIv9
e"([
,:_x
zBKL
kW) Q
N|>-
4EMP
=XxD
i,??4
nv|^
{?vg
|OX2
cW'"
vQxl
G{xm6
T=wk
kFzBi
KPi@
-]U}
%u'ynz` 
~13n
4U2L
>dtD
<Of%
imFn|
'$Bv
'jVm
RJ; 
YQ]|l
5U%/
:C*c
xHD=
(bf\*]
3Skp
nAI%K
8[I0
ifPr
i0gY
<KpJA
P/v3
&F1 ~G
ZnMhv@2
J#7s
b:Tv
q8kB
ay,)
SKZ;C
-?#?
z%_#$9^Q
EpWo
ADGt
zS4*
BU@-
6!oF
TdUb
9TE]
xj3a0
"*=73
gh"f
Bea'tCB]
&fF*J
9`-#
gw|O%
W[gH
^o"M
VqnHDIqh
&V*YR
u]V<^F
RQ{|
_\LUL
]UWH
T?~;
|hZ3
O;^</
%[k+
yij]
1Z-+y
rb]!(
k(+O
=]Nm
k=5e
#0sB
mdH*T
{S0Ogqk
MAEL(
h$s~h~
Nl0$H
 IL;
_90O
ETe9
!hAx{
Elvzm
VXjUh%KT
~>"@
:w40
kGal`=
U3/|>j
~Udq
B!V+
yGLH
nha)?
THV)
aEpt
c7!%
6e&2
cAKn
E)5TF
T[0IX
ix|=
.(Bv
Q=}+[h
NW1P
8 Me
{f+K"
FE_v
EPIYKS#
7()6n
=jh+
:P^f
h_`:
|nc/I
BUl3
&.01|
bc\g{}6
&Hz2
[^ya
jj\s
[o'X3'b8
N@nM<
wYx1!<
(ZWKC
=Efq
 5!eT
n)JG
Bi#5
Dnoj=
?_g^
A/O2d
.|yD
WTI*
<Y;=
84Be
.bR<
@iHs`
u\{iR
3J4nSU
xb>%
cz>ulx
K((\
Fo} 
TB`DL
PdKPsI
yWXv
UqSi
dTP7
e*cq
g9BD
4rOg
5:Vd
o|gN
qKadek3
6iT=
N04A|
NknBd
ul?Qdw%h&
=0q5
DXCc6
tgapM
'ik#]A
3UwK
u,)X;K
x+)|
HjI.
)gihQ
=(Gw
44JZ
4/78
8=oz
)s[~m
N'xEAq2H
?7b]
gx+rl v
X)60
jJ~wP `
<oZ9
r,\g9
]0e%
g_LVh5gD
YqJ]g
)]+}
7{/=S"'w$Zh
90LCn
'I)$
A mg
1JiEB
U*`Q
1wHx
-);x
k[$Lp
@[.E
~\i2
asUh=
:l[;L
8|xx
O|u,G8=)
hG\N
eb?b
~{*i
rZ%T
o8:B
)"}\g
fcik
T#xw
G.u_
4q2-
62z\P4
xt[Rfwz
,f+5
K )u
t>FEx:
`E$Pm
G|;Rm
fE0(a{
D37\
|8w3w.
=[4&
|Ek`w
k 2c
aWHQs8
m@<e`^
!^_B
`x^th
[6mJ
;Jp,
e~^"
nF>\
CcTn+
cj+hKm
eEd;
%U8^
<%wh
kS+d_
A!C?
E_A\d
-B0C
vNXL
Lgzr
Mmw0>
% Se
*:}T?
aZlg
.?,f
WS't}
iakh<=
PM)]
c,>o
,!UC?K
LA$V
iqP"3
I+Z 
r#mKA
^GspQ
|Hab
W~9r_
&^%xbxEL
-^n]
tdZ{
yh|m
W=$s
M8L|t
H;pO
ND[tw
MZ1}
p+q3:
Z}#e
z?qk
4&T';
$:OQC
2Mv)%v
.@#5
vC)L
`gBV
4<:$
dbP@
1|n-
s-t9
5fOu
TMF1
tAsy
jqcU
M~wv
.\BT
*%`@
9h%q
FKhhbhoX
6z*N
}Tp!(
v."P-w
C%N|
2Z}[
QQM{\
3]LtZ
;}&u%
"[xa
&P6r
{]q<
JF1aP
~{)7
p%!3E
tU.)
j6hu
l<9g
~mzS
!1|qOt
L>}n
b6G+
dsHA
b`x8
jrzh
O:TR
%ys'{f5
5MS\
WnZ?xVk
K9U.|q@
6p.cp
nn3Z
Wm9*
2pnc
E&QA
|GR%
>mk1p
t7:,
fH>R
%w],
o02DK
jhJI*
$7d1
7Q6[
 gfq
WBKh
;^vv
%qs1s0
K0CH
'?,{D
Gl)>
p.i\_
Tw:\
7j+cR
g|MX
u{pw;
Cf{G#
=DC{
+-P6
@4su
=gTJ-
Rv_U
K*x*
}m+\
W}-"
;ac;
9d\/
1A?L
0 vV
^#2$~
X*t]VY
INf7
M3z}
i=Sh
t:'/
IVr}
tqMj
<8or`
-HvD
pc1w
Yv5C
(r|n
^2+ki 
)IoL$
x@`t
@xcF
m\Y$
yMWF[-
+q=MV
u&>cye
#4!:~
>0p\/
d|/Ej
-!zc
G'Gs
sDcG
/{hp
nj@)
RC#ER2VB
<8fG
gHJJ
8g7Q
22FDc
wpGi
UK++
VB2a
yR>1
N|/@=
BQQoj
6:?&;
 H&1
?rTD
<Xq@
\k(`$c
#i u
Q-!2f
r:Eg
$Z5o
M&T~
+!F`
cFnJ#Xh
0y~6P
}4Yu
`"b,
LF2K
}Wm4
:};.
8Z=vc$
Bc3Z
ag/8
LEgO
+m+'
,Bl ]-C$X
lg$d
*Bt'n
M(x2
?OBX
t,l\N
Y[yu
.=`.9Aw
;XJ$
 PPE`
_~Tko
5/n^(
s;s(
9w(]
7A>B
VZ3@
i <H
826V
wQLV
a|~A
y!)#
e9RF@
gv\fj,e
, z6
}w-@#
D::L
`STB
W&^l
V/|Xx
JJ{]
ew63
]NO6
^pYK
mI]Mf
r}6g
^`.gVRI
RUDB
yC0k
[~Qg,=
&q>`
 Smu
j75B
|:c/
Kw7&
} `+
* pb
O%#W
.&p;
Mw i+
vT8w
454D
4rk$
Uvqd_
SFq4~p-
PEgg
8'.z{i0
keVa
St2y
6Hk&
NNarVrbP
xULT~Z
+bjj
7gYJ
\Nv:I'Tn
B- o
MyXA
_Z's
QMrQ
1m0N0
;9Gy
G!E3
~% y
X,:>
V$+{
Lq.Z
J(}7
>UJE
>E6ZG
]i7cB
>&f4
b<K|
[Mx1C
U8u`
,#B<
/T/Mr
=p~c@"K
uuY&I(x
>Kz6
^5y!
*McU+w|
Fc0m&0b~
Wv~G
:{Lq
,7}&
Q{mE$N
:h^G
KKzG
@"@\.
u@%R
;Q!2
r<MB!
~IMns9
PaoTSc&L
^G>y}
%Aahc
xWGZ
284u
 76-
t"2p
^b5"
xr}|p
WCEp
VyLY
t9>.
8+')
)D'p
mo)!
B1xv
:lUc
.CzI,b!
w{>0fe
}x$m~1
?}'0Y[
N/"p
3"p"_
&<8=
23glO.
L_:;
XrP}
1(9{
GTj|
]@w~
WV;pn[
]H?i
}"w!
uJ5:tF
;reu
/tYRs!e9GQm
pQ,(
Gp=F
;_S=
EdS89
N&PL
WO'&
e|h?R`2z
b&)%
ji=R
krSum
[bAM
t[Wj
^L<<2|
JgqR
V3#^
hPI+R
5<iZ
CR-P
F$sFAb1
jRN)V
F~+.
eX3 
1`xp
~FFX?
H^0z1X
ry!1
lG_r
+Mtq>YvL
a_F|
"Xe5
E)l}CN
z$H<
UuEC
'q$g
C4#:S4
$%j3x
v~,uin
aE29B
fOC&1n}
!n}J
d+t}
x*8G
d49ex
2=E+j
0cFO
^"F~
hO^d?8
aEUa
" 2}
\prj~6
|JC@/
:j%i[
!050
.x0G
fwl:
(uar
Jjw,
EA3;
!;6<
d4|Y
+@zzr
OzaJ
q?jm
`P|5
Jhj%
[Vs}
9m3r
[!gh[
$*So
J2|o@L>
RzD`o1
P/Z-
5M$[Sud8>
H|eI
Nz.;
h+x\
Wy>a
vy$KSck
~n%wm
+PGc
Zk'".
,vq1
1d4p
vI76
M%^a
`L#w
:VKz
vT@%(
?[tJ\
4nY{
 >e:
.i~!2
c?1?o
Z{yq\
"hsZ
2&2w
Nl(N
;FP3
;z'+
Pz%&
L>?|
.cgl
)FC 
B@DU
A8RN
*5<gI
@aP>
ZDxP_-
?t3w
0;NdO
j4C!nSz
@p:X
<lig
DP+3Tt
J/<OX
~]O-
{~k'9
aGl%T
LkYp
|9ZI@RX
.GuIa
FU/ 
;RWWM
Y1p6C
VS/E
?<c&
t B"W
0&[s
`;j^d/6pC
LTwa
rb,:h
5e(QT
`<Gb_7k*
"^`b%
qLG2
-)]e
-iJ=
{ @4
-CW(2
Juho
`#,v&
|yS2
M(9c
ff>K
NVq@O
r~Ab3W`
:\z)J
.m|k
5'bJ
(;pF
bG&L
ntFaZ
b3rX
RE3N
E3_*
JiaB
!Jsz
E&n>
"XM@
4cD3
XP8H
c"SBp
:%)p
xa2]
Zs}{
1c)0
]m/-
f},4
N|6+
+ ?9
uA'F
Z}7w
~3Tv
r6ZC
P$+e
MbFR
'R`"B;QU
k-*C
fq:=
F@lF
g>WKY
zcSI
 s|$(
.GK`f#
a4=Iqq]
b8}faE
vaO{
 :s4uo
%6p$
21f=8
jy]4
aCO]
W^d1
VOyxS 
ET6E
KA`xP
BfS5
#I*`oq
5vm^
=DSM
RE`k
2%VR
Rr_dM
e~-!
V2`uW
 ,(=8
IX6J6`3
7W9z
+FU(%m
3g.)GzbH
;S[^
5PLG
NQIO
v0gX
5bCh
PDMX
?j;5
lo%F
L]ox
h/R+
)3ug#
(7pV
vDVpb
XA<S
\C5[4
;5N0|
jB~GR
@>)O2
p\yx
%!-Y
m$/Q
#V0A2I4
D7*-
{7}H
vF_3
C1*,
GXn5
}P@H
we>dy
YF}]c
Z&}ZI
Si["%17
z{{W
r]GOh
svqJ
!>P*
syDO
`F;9
Kn"RV
BO2z
/H_,Q
lj]N
U9,-
29RI
~Vd-H1
D!C`A
3K$b
Wx*,
!:Xn
WX._
*r<0{
?('.m
'mwaz
Nc:)
l"6KwM
&RuG
-]s'
=Ip]k
LEO9m
lD%v%
[$g(%
Lq7$
&k]p
H&^l
]Ux` 5
ouRD
sU}-XL(K
me.,
W7*T
6=C|
O'U0t
U23=~&W
|2Ya
LgUT
Y}}V
IU#7
N?2F
Z0h=
9#=.
P,=$o
jMr1- 
1fzS"
|@-`
hNjTz
|7V\
MsiE
Jdmb
29.|
)Qm%
H7TX
{rms
[tEI
9KTvt
J{`=
]0nZ
N4h<
k^5N&aau
oVt!
BZJB
<>!3
s`(F(
y{j=
]fh%
Xn+V
-35Iq
/j69
4rKX5`
1JzBc
-J!7
4(!{
T#wP^
22_3
]x7,/
C:f9
WE]gh
;@'l
j*29^:
p){iB~
&$o{
Ur5cm
B2I;
[z,J
;)[B
e%Bl
wiZF
xw?aJ
#'8W{
w(Sl
Ncp=/
M?b:
\2*_
=1+?
L(iwp
CT:^4;
`-bR
eXL[sY
r_@z
-24Nuj
P$]d
(+ET-s
s#C2
O@w+
xPV+
./)"E
!yZ6
P-yM5y}
ALwZ
M~XhW
'A>r
.v#Y
0IV+
I)>!l
*~*6$x
G`d|=-5
8whE`
Aqy:9
'xFn
L;?`
aHUX
jizbGpRk*eW
l]SI:4
y>')
#mfZ
&WlVW2
ai.-
`I7x
@x=K
Z'CL
Tbx3
=-z#
51sD
x5LI2,
P*Ehi
/pXS
n=O;M
2^n=
@O|[&
>`BQzT*}l
h7-(
TDyU
qqG3
)?r 
TSFh$
6_p9,?
>,h=
?Pz<qR
b7eA
k3Uw|
&*f+
X)FF
t!2lH
 U{:
mHT@k
zsdu67
P&2qH}_
v9sd
980*
s6Mu86
6U#C
"FxW
r7 iO^p
51?T
 $(v
$Vp$
n'd2
Hu>O
xt/{U
]I,.m&y
qfgZz];b
xyuV
u (p-
G%|bmy
j7;2OA
Rx$J
7"Mn;
g;t}O
@{7su
K,2p 
k>7v6
&&L?
?|vx
ZYNX
_i;J
zu{uO:
/[ _
Z|FO
O+4u2
,@=S
Gn9I|x
`D .
e:cg+
f<7,
V@NfJ#
8jxw
=Bl'h
K`9pu
wd0X/
O)<E
?>.pQ
brWU
WE{r
@5%4
#Kb`
k9/;z0]
A/,5
9g1W
k:M!J
E{[\P?J
tIe=
t>R\
:4Uf
W42T
6^K{(
MW5<~
%}:&
TSnC
XJ"s
MP6cr
Z?d@H
.D5~
:J~O
S5e]U
[+cw
9K=7
XtsS97
%P6:
FQQ6
.Mx&
4A:Vw
&fqY
V_br
84E1'
577A
?4h0M
Olx*IY
e=:.3$%
(HwP
|O^f
}"=W
!WRe
@3^q
mdk|
`yZlU~
_4iI
oX]F
 (P`
HUpR
tF*B
K"|Q
LgRj
a7I~
O}=r
pdWG
Ntf_
6UiJ<
Y=wu
9xR>
!tOKk
>-,O
;^n&
gQ9"
pNA>
GU&;
hYyQ
lxmM
p;VK
b^>=
h8qI
NX{B
|8p3T
 L%l
&~Ci
(XYu
jF^;A
V@iS
5-uE
VD"CWz
9<NQ
ufI%
u;DE
~Jma:
z(z 
^.2_
ND.l$
6`mG
Ull8
n-F"
t=Dl
Wu;J
4qBR
2U>w0
X/BA"<
#Y^"9=
N~Gj3#
GU0+
%Krq.v
|)nz
0;Fc
=fX-X9
DxVJ
vR~C{
"V|YW(uT{V
`p=]fXc$
Mf@C
e&:!
.#'aO
U7[qU
;9uA<K
"]c%0
5Jme|
'gE6|
XixJn
3oqC
uE~gp
/E?m
UWvV
Nt{8
W.HtW
{<0m
%DA,
h+HP
spN>
),]I
%RTLK
[6u@
DQmm$
I ^Q
}}_f
fPoL
21iY7K]
}+'O
n=`g
vxIQ
\n!.vi
lzlecU
CG0Q
+--f
jxpz
#T+~
qiPW
\Aca
&qf0=
)'TOD
'syv
wpn=
=[vi
R6!uD2f
aL[l
(Y'z
S6Vd
sNe9:
|OB+
Mh7]
8.j~1
jQ!3IW
s&.L
5Z\MZ
FMor
J`Kk
<!)<
XkbN.E
1Jk.3
NW\2
PSh*z
S>Tr
P&^1
bHbm
)cfjG
#dtX
s[<G
)CeWmx
{&hEEV
zRH(
_1m2
;%w!
)EMGZ
M)`$
pY;M
6GUb
aPK)J
D=`m
TbXm
oDl&x&
y/A'h#
g|<(+
ihU(
=sRk
ar=G
m|?t
<Bv"x!
.0*L
#x%I
<bV*E+
]fA!>
EgQ6
^f8yS
.-qk2HM
(C1H
`="D
!kx8
xo:P
%j:[m
U#!6
6J0K )P
72(N
);_Xi+7n
bE,e=2L
#r"{o\
4-`g
/o|G[
FE{y
q~B)
kimqe
/7@J_
c~U5
%^>\?
mT':~J
'14}
-^u/
Q-+)
pVr2uX
0+L^OQ
A]D)g;Ko^
wwCa#CH
oH7b
:P&~%
Ssrw
hRA)9
;y]O2
%4%1
,0c#E[0F
m^!U
mx=h
gNyR
mPuh
TOZh>
2?l6s
Qx(_!
BzQw
g0`_ 
]D6J
hIDR
V]_Fw
NU`+6MM<
n[`B
V7&m
bh~N
l\&k
4}^r
#/zP
J2+A
B'AK
IJH8]
tfz9
5^,E
p\cm
G;>[
{lYQU
wGzZ
K&m+
~[ucG
T><:
\i([
OQt3
V]5zj
>I&#
%qsL-
5[{rI
Ncpe
2{RA
 )/Dp
5Z+~
O2OD_E
/>:9
 N^=
Uw&v
*Kv$
E6swE
SKeS.DX
[fk$
?+1J
SmkW
hYXl~
mt3%'
hvE6
{*Ikm
 4k=}
7\TLB
_EXF!
o2w0
;sxSJ
LZfT
l]B9y
6kM2F
hNuFx
R6x&
?NRrB
"6xz
YR8Q
(!|EM
)rcg+
u{jX1c?2
$,GWP1
5[Z:
`KN;izU
$WJK
i`q?
UGb7Y
e>I14d
DrXv
QGFe
dSOG
Qw^w-
f~xn$3
Q7kk
2hy;
<UB1k(
9Pjaif
_{.-
/?'2p
'w+ 
Np{{Y
o,$'X
aV, 
,x~Um0Q
)9O~
Gqsf
w^!%
gfdz
u#J#
adJ^
A0 l
f#-z
tSe-
4x.U%
2ZX=-
8itHZD5
7&^N
6Ysd
pu%6
pFKg
U,e9M
~%+*ur
PkIq
[FzB<
tV8y
6x,7
nQ6<
V@}8c
:(JB
 .A!~
|1$5
nPk"
?3T_s
q\nC(Dq?
{8"kCM
M$Ho
E/>Ng
'Y2z
O=Z2
9D!d
-v4C:
4S^n
IV_ih
xZJ^
u09@%
8#MtP
@bve
zi43x[
H&so
de~VX6
3O[n!
s_=1
CN?pW
Pk_TM
\|g;
i/f1
}#Fs
b;B[
ilbX
3-j/
E|DQd
_#J;
dKs?
_Mrs
?<y8
[n/t]A0
\16_
TSOC
QP{5N
,qIo`
zOL>
V|<MX
"8KIH
f)%2
qLWPj
3,+)
]j@u=
n| "
[WY 
,8{Y
9EGP
bt&i/Jk_
)[' 
/jn&L
K=G}F
ed_e
:Slb
EbXGpB
mqV66
XXP]h
HtAR
s!aH
QKDAY%
0|-<
6Xq[
13U<
fAfi
;n2K|4~%d
Eabs
81r}O
d?=;gA!
DMEPF
6G&8
=9!$
5()9
hKb=v.~pw
}J&p
8_>(
l/2;
%GW_
9( G
H@@[
$)?J
=mvzb
[B9,
X^VbN
}_{+
/XW*
1Ww#.
xHk]
*s}lI
c+!!*u
X6Sc
.5sR
"L}ua},
6LUI
G}gz
y*dC
$K)h
yVZv!
Vx9j
!R]=
P?)U[
kuC=
R-X4T*
UU}m
+1Nb
]H!e`
Ta\{
vVIa
p$nEv
B0ge
-22 
Z1\Z
!QYx
5j?pv
m5T5
q#4l
[15<f
G;nj
,"Jc
|v#K
cn(4,
C{Gd=Ojk
9I$,
~O%J
Roq:
vC-0
70FLD
X_E; 
?>]BJ[)
j<JZ
Z.5O
}A|L
p()2
BWSJ
,UMjz
Z3VQh
>4Kh
A%@q
1IL2
KbpI
sun.h
d-zW
5S8b5
vwS7q
kYO.n
w]:i*
+\jV{
5H\w
KWkC|
J9Az
Veke
Z[{6o
5x9_
PJ,/
 X|W
O?\k
E|rm
~!Oi
Gkq.
G$+u
)pxl
;J5\7-
zb4g
siJk4
d!jQ
2mv`
TEr'
bzDsG
]A@n
:kDs
Nvb&
-KM%R
RnDo
))|(
n^;S
2OF``
L.N>
QyfK
SnbA
U41+74
~h@X
z!Eh
{_B2tHt
?NPh
x+,]
5yy(y
|Kfl
xT\0
h4 M
1PP#(
<\*D~
GxZ~
*,*H
+qVp,
gmZf
Rf2<I
/w$q`
!aZ$
BodK
](G|
Rv$_
D*+2
aA*y
%>&b
Zk;a
NFLx
eO\}i,
+ MFIC
NwGL
@mcCJ
6r;S
#IQJ
y>xD
x2<y
enCn
[mC7
Ho-_
{NIt
'&l`'
vRY7
|')CQ
aSmf
<tCe
+$no
{]cB
3BtBqH'd/
8o=]
*VJ;
dn#A
Ufc(2,G$
MXS"
iPs=
Y4*u
F|W)
}>y!
GQjQ
a}%mp
+H6)
%?ZX.
W+hJ
cb4P4
'3w0
RWds
Ly-C
s+;7
nP^J
B@9H@
[LY`
CP]N
g}rl
iX-(
FJ[Z
vQ-z
;"Vg
5TrkJ6`
R ['q
%ZxR
6Wro
iw}y
L{Da
2%LlX
aC,[;
XNZ-
nl|>
hsO1
FJu)
r&o1a3@
D=Ud
M##d`~
*$~]
(2I@
*&tj
js~JW
(l-bT
+E)M
'!N0
2O@=
nBiJgz
7\ch
~z/P
tqn{
}'Nd
`1:2
}aFl
)g,08
($wf
FcufYh
vD&~
U,a9
&%Ll
tRVY0
qj+,
iv*:
:x5o
<bY%
HmU\`mf
_jsG@B
;lR 
,S6t3
N(UL/
/!n[
kw_M"+fj
a*g.
J`KTGvS7
#IHcJ
4.h3
ziwK[
f)}( 
r;FV
7%Oq
v.2b
`F_z
ekNZ
OEh7
n+q}vr(
Rt`x
9R,f
MHBR
w4<>
2&cJ
H5r&.O
!!?k&l
jt*-(
/e>-
h1M{
jM3_
j{`)
-JV2^B_
rp/gd
.OTDS
Cl(8
Uo{h
2.b'
WoUOMD
7$_d
D(JI
STOBK
P[$Kn:
\uZ-)
h6~B
(NnH
xU:w
k[S,
N>x)
1=#h
#"Lu
sm!X
c[>\
zbCt?OVT
KA*x
+FQ*
(#)I
Q[cd
;*FXQ
.[3JR
H]Rx
4y~)
*Btj
>:*1|
[iEgn
{13W
 KzK
rQmp
W{f*
ZY~=
]|Ls
L2ks
XMlJ&
Jp$SI
]g4r
JA$X
O.'V
gQTs
jS%+Z
kX0P
s^.X
|fGf
6DY9k
ubwgT
c'/{%
Inc7
16>9[
Sx:y
6%~n
zc#z
sVLn
PM<n
!LeK
]$0E
ZV}|Q
 >DYg
By L
$c7:8
-#?o
N:zO
5lJMd
lm}[
() !
GvEt
>9{u
"{ri
?>Tq
-xaQ
O6)QuT
W=8%Z
$IP`
q[?0
33rMH
0UHG
Ozy$
U8Hx[
J=pq
D3Qv
^.nw
C>d9S
lGRw
<C "q
=?*a
,U!@%
6>N/
j#d(
$;69
,R9cV
RfPR
|~pL"
oB%M;
pPXj
2Nkm3ic7
M<2J
q2A}
PFL!
G "Y
X%7V
3C[<t1(
%+N|
@Jtb3
N<eM
t,TJ
z@jT
-N`.
B_gWz?FY+
FxE5+
s-H%
|cf2
kK%>
E{pJ
ODT2
@[Db
Z=D}
H]!)
*,6v
{wI<
MeS]
"b.V0o
a.F}A(h
6K+D
((z,
V&7?<
/nS3b
wA+(
fz%#+
K&5xQ
*\Y~
UU&p>
cJ@hn
(A^*
>%T;
[we|
HOZk
B*WM|
bQ2*
@qTg
Ac(.
ZHkh
V#PUW
\<=%
l%4,.
bIZ6
wsx 
]h)?
.$&ZE
bpkP
lRe5
6Kr4x
3lu;
xvvc
6UhS
'!Z~
*yH3
gq3n
8i C
C26K~wJ1
} =I6
@#]*
?:Vs
W&%n
I`Rn
:j3+a{
":P0
`l3g
&-%'
Q'B>
L"gd
X @$o&
aA2_
{uYy2
kGGK5
b[5R6#\
{{`F
6o&f
BXZm%
Q\<r
Tk|k4^G
@^AM
J245
1E.J
'';zW7?S
i{3p
YQ~\
#7K9
@|;V$XX
5\$kX
$HB]
bRqq
\\Ly
VXMV
o(/^e
nQ lD
gkJJ
9`oC
T0kz
%t`/
uLs>
'8>XSv
 ewg
r#=n*
M1?)0
7I|9
)l"L,
HtD!u
yu^-=/
__!G
)vLf
(LH|
q8y_A
pkF.
^:y=
i MO
3P_?
)pMS
F==2;Q
bX<>
Ge+CI
{/nz
XQ3.+
:Bf=
5rz3
^v1;
{sseM
b0Xw
.nNg
NQGH
H>59
`_6E
9[m+V/
:9$nl
YQ6=R
H2c]
\5^V
'g;%#
p7.\
<L}i
05G4
3p-L
_.IcP
ho2J
C {V
mVcs
)*q`9ac
Jc(s
.l=x
<`3sq X
 "2G
AGl;
$wy!
X9Iy
2{?q
z3?\
QA;C|
<C4"
6eFm
<81:
|+vj
vS\k
 3Xau
6"L%Q
ZGHu
.a2{d9
/fdb
V\,u
d\i/
TOG_
9:PiW
?y:.
@u\v
_$f^
T[DrT
n LFY~
~"J>
E;pz@
S.|b^yc
d&_&
n\o~
h@JV
"iGym
Z#r%
1%@w
=jR)
O7_u
&+ i?V
&ZTq>5e
Q\Pe
[/rr
#[:;Z
K{C/O
J3O0S
$;NL
?Qo>
/d5j
>WN0
V@CP
Q<}.fl
gK&t(
bJ#|
t/EA
RHDw
rjWGS
qC8#
d`a%^
 `"7b
QPXx
f|6^
!|lj"
[fUy
$i$^
`IAe
)VFfX
S6 1
N|H]
0"N$
DPQV
F6HPE
?Y3,
OjTh
?R1(b
oCQU
$T9i
JBwdd
EcI4iKn
Ov>f
FA&P
aN3&
R4~ae:
=jJ/
O/W|
/hQv2
14L'
83=(
84<h
]Kfaz
/ L-
3@B1v
L6r&
)V5s
S;a/d
Y +a6
U/7l
XxeH#bE 
@53\
 N9{cV
cD'X"
v3KOr
?|wN
Vv>)
Cg?A
I1el
]yHM/
wd4JQ
9#pn
)F(G
KwU;
]UiM3
"(ReG
` `e
^-T,
nE;S_JW
+F0<G
av5t
?"$),["
LPsEs
h4O0|n
dIRt$H-9
'Q<o
P*%?
K}e#tw
s8aV(
@NuQ$
dFAh
fZ0=R
<7e1
g&hY
N#J'w
`x"Yf
|b<h
:<E,e/
VV3B
<`Th
N&=v
S:;B#kY
#zSh
Q:SF
s*b~_
[n5_`
O2JL
i^em
pa]I
XfOd
0BQ2
lwCan
.2Qh![5
ZK,/
Wm,q
?b(|
6"XoW
uU% 
mBrdc}
Yvcv/
hzO#
T!uY
bww,
dO^/
%R/:
|$TQl
dW}E3
]af?`
p7XJ
9j;m
L,z{
gwIK
X1EnUM
[4ty
6OpL
<D/,
#B*>
+BqT
oU=0
:EzZ
:.B6
j!<?O6tum+
lXSW
;a]TySU6
g3mf
:<MNN
7qsk
oLc64
G=h/6
}/Z^
\L?#xj
cb<m
r@)&
s9A=t
%!DP
.FV~
M2&7
_8FP!M
!apK0g
kvjvU
nnC4g
H)RR
)Ow#
 4Qw
1n~d
@YX@^
0"US|
tdt6
&fjY=T
my{2
6>R|
p&2)&i
%[yn
j*~md{
0MZ8n[
IPnW
4%P-
lBDI
c}0\d^Q
~},r&2
"53O
X,T1
KqO-#
hUVK
X6"H
tSrk
7<4;R
\/Dl
f}C3\l4Nf
rZ?;,
H=26%
4tNmx
W_%#
y7s}
8z0A
VGjRy7
-5.,''7
M@bM
sw{Sk
: |?
5PIE
6k'%
Z\*Z/
885-
!`y#
eT1c
8LLV
]5Y~
h&yiC
y-L4
3t#XL7y{
Epxm
bY>(
ZOiV
:.&9E
.5#c
Dd1p
b*QAJ
njn"
po%>
YU^I
=l8Q
g78wp
p|A}.PE0rs
/7,J
nDXE
}$DM[
T)==
MORo
L]ka
"3b]
|V8`
c NW
 A40t
+Y.eG
^<-CbV
`2E$
~JXtPYW
"l=)cd
2QZG{x
H%OB(
Pst#
ubcc
fIcv
AwS5
J!")
Vshla
YPx^1@#q
F^Efz
q>xp(
+"9W
$EQe
NHiS
<bFai
uXYsl
buO9)
JC"K?
t<l!
h`;P
`dxg
 mXC
Mi@)(
HufT
7/d|pKb]r
MDcmuI
9l?#
_3MGu
c2#'Qp
\Dry
fZDO
A&~`X
n~B<GU
XWvG
(v:bz)
8jqKI
5#.f
3#/gj
/O]n
$(X8%:|N
nFfg
B8UZJnHP
U\,!
|R3}
3aq,j
CNW0
'TS)By
GU]QN3
rAfG
6e2tS
$-7'
6K$&
$3Wv
W~jz
DI:q
?D)Y
%6Zz
6gA:
Vu6q
VYZ/
h5w*
56tK
)jq<i=2
`WXA
RMm4
z+#N>
jAl/w
4w~O
VupM
Yr.-
!Yzy
eiAQ
zEylDv
~A/v
EK+x
P,!+
1@Q~
0=Dyo{
Js5@
4nJ3i
3p53v
FUM~
XMjt
wh'x
[h8Ew
)}5K
:>{q
T07=
OZ-F
6ofT
kc8F
Hl3S
`o{Z
Kf7H}
XAQn
y<~J
P&gL7
&!m4
2~\s
@*`/
H0a-
JSeo
9}ZY
v]_]s
lEJy
%Lrg
n`BK
_OP`n
e55k?A
KsGU
iJv?
sf9=
'+*aQ
{b:s
sNO\V
4H1"
*Te]+
^V~.
EWu#
o9$)
irtm
G%#[
<LM;D
gPT:
Mk.3
L[fZ~
oq#6
t}fl
2`M7
M!Nw
eX(W
niaWl
y>Ne5L
=b9D?
uB.=G
Xph{
4j`U
wiNrH
_C\O!-l
FklVce`O~
w1Bl>
BI2!
-tL#
\4k-5
bAe#+
n+Ic
#Cmxf
1]#[
M$n}y
V*W~m
X@<k
O!h?V
yxg0
SamI
U|D?,
9{]_
:2ip=6
5/>$1
.c{tm
vSYq
B(k(
yW(2
C5U7
9(K{
 *v'
7E"ac
}6YB
H9;i3C
iC:8
Ip=k
b?E!Y
whrrgA{^
DcG@.
>b^.mI
jc'9
$6~o
NDId?
J->3
zb'V
D6<*
pM!2
yxmL
6{I":
\QZa
@@gS
MMl1
3vrYW
#-?n
cgh7
xVU3<
V"*A
9J|~]b
=q/AT
L?`r
:pI{
L-0wDs
4vP/<
?\WW
aEj7
ma8Ad
&5"Jz,
XRxO
MCf{
EN3*
~QAC
k7pv
"f_E
](A~
%%0#
p"Kdd@
Z/',
#Y4{
jkwtv%
Ra={
X=Jk
;yJO
y4Vu
(#s-2G
_.)E#
8`@i
R}|u
$Pd`E
oRt:_Y
%.l5
@NF]
J(q~
>JwH
d5];
kT#S
d!,u7;
tuT]J
1IV#
S,o\v
!%Hi
_OVCU
AWou3
X*>I
Mo:_
m?t0>(
'L7F
fH*P
.&mK
Uyo8
lkt7RA
B(4tDm\
CyyyP
XV[uh
f`WsH
< jR|
;3ER
@"i3
amjA
:8C-I
o,ss
:z"`z
Y{m&
1H95
TC]$mS
l bf~
z~`R
Q"cC
:ub&E
F4}V
V_vaj`<
$$ .
(o3{
8>;[
]c&q
jK#h
AGIt
Sy@$D
RL`x
kU$/4
D!SKk-
]DwA
6nAt=
UAZ:
xDF\
?`^qN
~zf*
JW`{)Y"(
_og=E
;[)]jnQ
6=yqn0R
:1wM
f:si
6lAd
Rm'd
+W8}
4UC|
9}BkPb
4T^M
;2n=?D
9pIn
:JV<
o#=^
h_>Y
budi
jvYV
IjuK
FfbR
X~8%
(/?x
z|tE
24M\_B/
S2*w
zD_I
TPVB|
)`^c
~haU
Mf{W*
LT<%
Q4|4
$an<3
m9e5
3w[w
Wt.{
:%Kc
lf5|t
O@5C
B$;W
2Sh%W
;,D6
O+t!$Yn
uk[8
j;=x
N|]X
T2gs
#Pc[
do>r
gsS>"
 xw(K
)Z<Hf
2~!0
jNZG
b%3h"
wlse
K!u#U
;cEN
'*7)D
Sc>M
d6nGD7u
+?=0_
C!vJ
T%{~
bpn^)
8qjD7
u@Gtz7
Z~$#
VW15Wgx
]KpM
h.k.M
y:?s
iMFJ
/@^-(
*r{SR
ig/1
s;/{
qh;Z
5ier7Q
x{y[
G<D$
$V8KvY
$vO 
C4W,Z
eT"s
!`j]l
zm'+2
T`@w
%20\o55
G64.
jy`go
0 k]
xvCp
l,1$
Z)&P
L.F^
SJ(x
pA45^
,0Van6
JaKs
vq:D
w7pDqp
La<f
;<^5W
q9,6
|1xQ
kzkR
bk8X
mmLA
`U#b
"$?i
zcLm
B.pTH(
P_E!l
@s 1#=<)2
*$@x
,7-K
59zg_
c!fq
6"-/
#O::7
xP2|r
 ai<(
b~$!t
QeQ-
C3(>
HsE:
o48gHy
YM]!?
-Fd{
^B*r\=1
n96U:{(}
6/vj
tz+]
FgY]
\&~Q
,w>k
!K;u
-Vvq
H=')
.KD|,
f2X,7V
*Di3
QL75[,PS
Ur'E
>)'?
[Uaz
VB%=+W
Mk5U
{?=ce.;
F;[b
PB(M
fA<S2
&*q'
+w--
?s3?
vZy(
~&>B
OGY+
I7hf
?\wB
SN}Cia
2h&1
-S<f
1k9R
ysL=
?uSCo
c0tzl
w6nU
UO'Pi
y4fPm
pv1 
V0/`g
aa+*
`*Vjx
*o7DM
nj"#
,0!W7
>~UR
sbSZ
QNF46
WLD{[
OP(,D1
 !|s
i1Q#
o]LI4rd
4[-6
"'Uw<0e
2`Df
C8')
M0#}@
em[^
6?37
JC37g'
RA|"
3&>s
Y~iG
4\?wT
}$X];
Z2?(R
p?%'
p^Z]'NMJ
q_A4
*hnCx
Q,,_Z
;PkP}\![
1-S(
.O|L
htV-D
2I-Po
NWbVQm
^a"W
|E}6
.w0*6H
jZ`v
XAa/
e$Lr
j_qSW
m;iQ
_i']
@!X2
CXBr+E
X^OL
{(?_Yx[
[#V_
5AslQ
4o67
nyZ^
8}PZ[
xZCN
0Mby
<?vI "
ScjUZ`<l
(|xH
@<'!
gbW&
"|$FH
jP+%
v6n@
7y:5y
H^sC{
9LCk
XZ&3
I%;/
:w_,
D${Q
_4O<
 IpH
.cR<
($EF
t  {
|I)6:
+efR
_Znr
m4G)
z3sB
&FxF0(
{O-~}q[
Os'y
7xzF
\/$*
h\S7
Z)_k
pQS<<?
6_36^
SDMp6p
Tqtm
'nOE=
Qs8V#@
;S)N
x#9U
wvgZ
h)GaG/
V%F)R
e;lH
ck\=1
rO59
W_yr
%.ox
Qf13
w~U?
K{Q+
5y.?:H
*`O8A
9x#lp
q_p-
[QW\
,3s76
d(1'
xZPl
m7B2
mR6q{
HcK`
]wCZ
j,fGx
"*?1
1nzx
&\pV_
2^Ac
Vo-B
sitU
0+)#~
Mk<u
=]D=
5$_U
-XBA
.a7B
?bzJl
P7le
GXA"~4
F,,v
r3[i
n~X!
"`Et*
o(k`T
sR.W
0mIV
O$"n
XGvJa
]i33ll
PxX:IW
^]+Z
UsHM
5>S|
^`Q}
=D}VU
B|:u
j_oX
<lbT
Xy2@
l8+L
k)UU
Q(e8
CX8jV
)Y`g
Spw[
8j:c
dIO4
/Q@Wn
nfat
z|+Q,x"$
/(]t[
?kn2v
;ALq
==fNi
YYLm
9b?C
olO8y
Ew05
>\\j
`.&LU
:FZVC
)b30
 rpV
=t$U
/sPN
V`Nvx
N)Rco
s,.'
ZHgP
LfG'
+x7g&
&:=c/
t-(F{
Bz$)
GOaC0
B[GK
h)EI
{7we8
MTr%N
GJti0u
cct9
e]RgL
<2uB
[g&D
W\VJuU
jg`T
y`d'
Eoq~
7Yj|
Q}*=1!
eD11
 IXwT
Y#i`S
vMqw
eI[e)
X.jp
'1WF-7
5]gM
eH0/
%X>OHL
@0B0n
4&SA
P/80
pCS7
2j<i
ibGz
 z_ ?
w[Z1
]b7W
W-D&?
!_4]
A!DY
|_Jj
b~wPON
<kA|\'
kh9Wn
"znc
S_NK
^y?3
K4Z\y
Z=XO
g;pXA^
hNMj2
Mw^&g{
7y_}
DK*q
#Ua&E
]D:[
 <xT
[^W'Ohm.m
 SY=`i
Z'bIX
5|{]
pw1=jY
<J]%zk
fQII'D
=l6a0
<ji^
5BR4A
Ng* ZQC
k:ZWip
Z;:a
qa$ 
yZz~!nE/
T7=o.
S|jY
vc^Z
(elu@
gb&:
mN9(
P}'z
d,e-
n}p?
94z v
""f;7
oOI/7
jg]q!
\Xl<6
}9}B_C
m?SH
XH7l
,[yt
jI=j
zT\v
RrR~
sy,@
9]K='A
QTqu
.)_^
I&sL
~{S+
qU;;B0~0
V*O^
IaNi7
(|"o
y|)Xtb
PcFi
9no:
B-!H
MzP3_
d0aR
B T-
Qye-
)-&S^
p?@$F;A
KvH`N
ep6jQF
(\:l
QSp@bim
>_+OO
vfJ3
1.&$
-J46
$Wh"t
!l{wN
(D9,
0G@X
`5T7
)^i\6
Vr1~
w.4+
\$n"
JZi{`
9?YGF
Jz^PL]
4wr4
y6$@|
WaNK
2mS?
eW>J
[V]q
\S**)
Guqmu
l)92*
WiW&Fs+
c+9cc%0
7R8>E
2v_s
cy+1
K=yr
[:FJ/
Vo/V
m:YF
OY(,4
u-G[
-!ZY
!!:N
dyRd
33z9
M<,b
u1m%
CaZA
cN$)6N
}3lE
HSS79
TmKQ
t$:C
DYi8Pz
Tl-)
+mpz
$N!,
^V2K$
MqH%
|~8T
}5Y{
A4+]
JbphL
729B
i^]0
T6@}
:o?s
[}f#o
7h.4y'
:_yI
2f8[
N@9q
i"T&?
6A6R
.Aj5!;u
n.ax
7R*-
Z*5>
XhyXcq
|1.7
i;Ld
4_[<
aU<{
a?q&3
;/3v$
Sw54l
icUT:+
&@'g
cPm@
Y+cp^
,xIj%
\+J8*
:U-Ed^U
.scfm
re0b
8${oK
1O5`
>Ob9m
VC;^
c^wi
|6WsV
xx;.
?bet[1
&I%_
GCcO
.}<> hwM
-B)x
\SJ`m
<N]V
/zd)
|L{4
tn@p
AQtRi
SLzSI
gBp5
%>]0
](hv
`Ob`Dz
OC^s
#L3*
Jg#&f
aQ4ID
 AmNw0
m&Cc
PpSg
0Tl2
0K/h7
EnK!oQ
y{#/
H[kb^
tVe+
re +H
`.Cc
:z^r
=L-=
FMw+
YEgd
|P'7@ .NV
Bfj{Eu
wBJV
PBI43J
DQJJ[^b
1^bj
DSCS
'%Kn/
3CNb
;f|P
%D:f
Qn4pW3),
xFkF
~51J
OPZq
_%&9
IME5X
[hu7
L@&t
Ci}~
YhXS
M?(f
Ar-$
hhUp
uKp:
B64L
]]d/
=lte
h5g#!
z;{Q
!zY:
Km.w
~0yJ+
wc8pN
1J_$
3oVk>
7byY
jFkI
dFeig
^AyU
%ly)
0Rcy
WNe]
?QANQ
:K_ZD
i$;yL
5OT.z
vP|(
;\c#&
-H`Ec
ec3G
aly7
5ct{
b?mI
1G(!
T59;
+N2c
7AVP4
i+G"
2CM!V
{p +%
0.['
e3FsQ>0
?YD_MaB%
.qKJ)J
TQ&e
KVP=
WY`n
5 __
}Kd!
5c[>
\8cR
&%*t+
^\=R
l(r^
]T!=
X3z.K_
[7.k
ydH3L
17gK[
:?x;
<OLt?
3R+5M
0un\
$oI"
82PMOU
P;Jk
c@V'
)H;H7;
hOiR
6|dD#
o]I}
,^?[Kp
_n`H
r44[
\kUAK9
ogLTh]
EIA/
+?c2DB
^IMt
*<G}[
E}ET
@,RB
][Pt
%qup
a%E5
v,i'
;Z-y
diAm_
{XKyr
pcqEo
&-=q
{aOND
bQf,
e/%W
rrl[
qOG2
}{M?
hfwG
*"TB
wNjH
X+(Y
J|T^g
M'e,
xNcIe<
7kaq
fa!f
jR#~
%\C!
rzA4?
!$LP
q.oK
LO-T'
-+%0yZ
-!jj=JqD
wcbP:
AJzsH
/oO6
-u.7+
pG<{
i0oi
&OQwXa
sa_r
\7-K
a/N?
?qtvr4x
qHUb
l5oaV
|@:i
bB3^
^O*f
CKBl
.wdR
|`:m
>!dR
K"Fa
|:TG
#8MS
9/QurR
Ex}oA|V
5OH&
jlT;
g{,)
uUIn
iB4t
[hBz
@l~S
C?T4Lu
qgd4
.{_{
0m\?
LVu[
$nk!
!8pA+Z
P@yw,
>KDnu
l7?Z
l.aL
&`X~
(-7G
TLh[HR
zx5Y?=
W_e6
y$W(
DM&w'=
"l%28f
v\cM
HFW+c`
\;x].
TG:%
8Q|;L
19*\
 {vq
PZkC{
 ZpS
T6ZaF
ccRX
X!"w
Nb_<
>Byv(
}NJQw
*pmn
7 ]{
$QW@
cgl:
jMil
BoLT
]@6w
2/yb
%0;t
rZ];
0E.%
^\dQ]\
x3?p
ztLe
&ep*F
K!:{
-*d'
{OqQ
QMD`
BuNp
@^ZR
tSg3J
dh>w
p]_l
$,?+Q
\)B5
K'!5
cp_d4k
@ZN'
c4\q
 z`E
|9i*0
8#C5
B&l^oB
)*d<
{]hDwD
Z[Ld
[{(6
O@2V
n$N~|
]VtLU
#QsB
0hC8
Gai!D
8q5e
|c:e
G+Q}
S[SW@9
rAG/
5OB:
NBl=UR
;JJ3
u:F"p
n~+0
RB`.
7N!6
^XoD
ZMD@J
| NQ
ipY0
&!F5Q
D!}z-
RNMw
.S$N!
8Yfs9
7KKT~
yZU1l
A%b%
4Bq,7
E>41
I3J!
?ca}
v/56m
N(DM
SXmm
^#};
i:uo
__0J
nh$/
3i.@-Uv
T^6A
<]W<
Iy'!
=g7V
@hz$
QFJ4
-s2cC
Vsy}
?5Lp&
(a?1
2f)J$
\9I@E
Hai:}
MjcO
ZUdWd
{B6b
un[4t
VF*R
O@(e
~ELf{
d;h[
G>f6
3~v:
D\~{
TGiJ
`Jrf
@G6[
.0aXt
Svjg
.tGA8
q v_
PVAE
r mO(3Lb{
>B1i$
js!G
JL`"d
CwE-Kr
|`vfHb
3.F[
9{v{Q
fHRi
93+c
w039
4""d
8Y+I
Fq.K
8-F{
?)IF
@%v;
a4-gW{OhY
W`}%I
$D#~
U3?:
4AuP
XCaM$
Jds$
D>P@
4%Ku
*y6'
,aWwG'
H-y;
}H($
+nE=
>yaZ
3f!G
8@L~qTx
dzPt;+
2`qH
G%j3
&J/s
T~[#
Du# m2
8TsyO$
5&Ox
7Sld
7A<i4
>Z>]P!
0~gJ'
: 4c
/SQh
II~>e
%_BcX[
M&3V
28V%e
T*.t
q2vl
chEa
c<T.
;(xl8
bxE?V
- p8
nVzQ6s:
4gbP
7U@G
oZd=
F/S{V
&IZg
jS&Fr=
X,_QO
*'WQ
,s!5i
gB>m
,1oo_
%_PS
VD+}
7EF{
4}'c;?I
n t@#
5W:K
:!,)
cN.0
.q*)
8B"ht
;<8/
gTcz
ZJd`
K]6N
35HA
)*N\
XKK"
{# =-fJ|
1._cM
B~H=
8!t7}
a)(ovs"
~.Qo
dZ]g
-`o*
IY8:
h]f]O
KS02
IDGWNV O
gQTg
Ilfn
dZ=yi
ecH*
RmL!
N$l>wUR
iPNf<(
h+MmK
)S:|
LW8v)-
e%=p
*M75
.cT&:
;3k6
$&nY
0\LUK}<
DHH}r
C^7K
Z'2/
'v,:
S]K4?>
dUbyNX
)ZI2
cg|X%
sVsF
y[a@6Tlq
]a%F
Y=S#4
L@YlP
)ul$Lk
c%D\&
tsViY
Luj],
1i_X
]dD_
wi%x
8A>HS
vP%O
g>rn
#h}"
 "\h
;7t(
lq@5z
@}m`ea
a=vS
9.Y2
G@y,c
7XR8
]ue[83
VCjvC
<x/jDs
tRC?
Ty0=;Lys
E.q>Po
}mS?g
XOwI
|Gqob
[~$:
CIGF!/
C%r{
,>{*
Hm"<l
_$UQ
(,!^
Mx5l
o%TjXR
GjqrF
bzfA
7897l
Q22p[v
b~_D
1va.
dz"K
\gqB
a_u1
BIF,
=vC_
R&}v
><%,8
t[F?
i6O]S
<;ML
>5p9
CH0@
I>Ot'
:d4`N
!5#;
kcHJA>
`2L~
)3<F
7hI&
5] r
FU%r
A=uO
h/a5
ZW{6
g]:X
hDRh
<"z!
yJkd
]Lk.
HAk{9t
mY7v
YL_ C
7v2<&
m7e.!
D;k$
MN&6
M%A<
omq&
&Z2Z
|/{|
)?5.5x
!ioT^BB
x[Kd
p6xQ
oDo@
~kw}
lnk~
xI5i
_iH.(3
p"rF
c[k1#
_s<U5
<rVg|
A"C.~Oe
Y1 *
k#$=
aRAB
HKLL
5woB
7BK}a
 4Aa
R@_!|
u$ZV
JSRv
AtZ{
EhH}|
>q"a
v0E8
3[l$
r[=N
:7:4
*o+t8
DO]o
AL\*
#h7*
L)))
<mo,e
qM2P
#K)+
!?l/
$,lo
A?X"
X$Me**
fV"%_:W'
cp03s
l"fhk
 :P/
a4.m
@J+a
tw\V
o[8j:iQj
395~
#q*J
K$~G
|S_%Z
3O$*a
|jA*
QL7V
H{P6
>Ck"'cA$>*
% 4zFy.k"
O<x-r1
4u4s'
uLbu
`iz^
l\G&_
&nf/
qS=f
AhRG
<Jc D
Xj{{x
5IghRO
4AQv
@?l::
s_3uDB
F=\H
_zcIF
qhk)\
89% z
Koqv
RIK/
%K!@
[?Wr
T6)OPb
j]glU
9z5P
|i4'
IT"8
MSG7V+
sA-e^
1}Bf-j=
::51O'
*bs*
>MP@
yM)D:
ctksc
"3OGC!
Ll6<
k`|`C 
"q.L
'Ee%
0k6)
_g@6
(rQ$=f
3|IJH
D-t'
vn8lp
M{dh
0g;q
H^R`
XV:p
d8nI5
k^v>
:Vq/0
u@1LP0x
F#L]
8{Q%
K7^"
z()%(n#?
Z0LE
eytB
"Scn
3s!l
~{oM
dH)[
R%>@
Hq|V
,c2XHJ
q3<<9
r;5~5\
QE]`DgB
eBw_g
U5sK
'{16We
twx$
df>oL
wMqI
TLBkX
R15S
tNQv
E2-8
7:+)K.1
*xfZ
K!SzD3
66%A
_S '
Z(Urwf0
})6M
O%;[i
+$Zi
F|(_S
CdXK
Qaru
9POA
~]cAuP-
LoWD
RLIA
&nf5
Sb#J
"+'K!
Y"yy
y,c5
We z
KaRlr!}+
!.zsa
(%V%%&
ia%ky
#Fk/
v{-<c0=
|M~X
Kq*B
SZz%;q
,Xxk]
jX>i
<+9rq
FG[N
re=49
[j*E.
WC:m
tu-\
=B.1+H
zq5O
c2?-
1utb_
,1]Q
4!a?
,e)P
iQXd
[4oy
?l3P
%\[B
?Y,V
=$5iG
~D\I
<G@h
s<v5]aPe
ZGq{
eW:)
k^2\
E4hP
J=+TNT
yZaAL
'R}3/
d<@A
?=F#l>
U*xF
5v~o
-9[W
%$Hw
,M p8
Pb3wO
g5[L
X@9#e
q-de
l&pzO
P%U.
rm,b
Y.eD
ih" ;
TsO@
%[W@<
J_kT
JdY5l
S<T-
BBD1^^
:>W;v
P^]Cp*
+AM-
cvCO
Yj/%r
Xn'Q
o<i.j
5Cv%?
]N~e
QZtS
+e1s=
KKgj=
;=VTp
A{[p
d\V]1
5@v,`V
t(yS
3xj=
Nz}(
|bn\
FP"Yt
2(P@
bRd4
cn8GB
H[S#
HAj1s
0&*>
an>WW
&hlM
kJ"Ro
I.#'
<#IA
k2d4
o6mw
UrOE
'I[J
fCxA`AC
@bjht{
^ekh
/{F_
:*Q%Z
{_|U
mg5f
oBJ_%
\u$m
Pk7R
ayxqCID'
,QTA<
C$Y'
2r~;
Yl"C
L+}:
&.fgVl
GN]4
.J/-Z
5h]6L
{Aj{
VO^;
riPVK-
mtvu-=
]m5a
Ajv6r
W,~@
;8zsh;
EvbN"
x fD
}9Eo
dQ/u
t]9~,Go
;lqf
YW$#o
B Cs
Fg::
0)@fY
,|lVt
qkoK
XFza
T-lS
iu6^
j:t>
N_6w46
9nnp
:e(^
U?KU
qCaq
e"<n
o]:K
NwbN
(O*d@
N]XDZ
hA$~
`,\P
-8qt
|kVr
h8'%
wv'I
}K-b
&7OPA
GsOG
SDm!
f[Zk[y
~l%S+
a9'TC
[A:qB
fP"tx)
"j7K(\
#Q@J
bc-+
)D~n
Aj8*
XL+eN
>yd%
PJp}9
V)dM
>!cQ/
i7S~o
%aU3En
pgfE
mDo;{W
m4VM
W'K>@
7;bu
3P+~
yS^\l
`A4Y
_8V"
6Vu<]
@GOc
Z[z_74
o+}/~
lEz:
H|OD
L-I&
V e%SK
o*tx5
].?UWeu\
$w;J
5f[`
r QxHB
pALi
n-7r
20rM
HGMJ
=`1\
H$hj@k
5NJw
LNdj
m&t{R
WVTo
OW?5
C;9#
jE#=
x[Fw
/,`;!
,c ^
QUJb~
$?mj
A)mpy
f&+ 
u<Kp
59Y:
k$]d
\jQXl+
nZ!?
lF@9
7L,)LD
AboX
+G{Q
1~RK
q$C-9
&YOk
!WM"
"|X*
D'VM
E]TyQI
@>dwz
^M!w
6C)~h
1z+G
9s2,D\
BR@sQ
b:Mrf 
qD4"
64&M
=F")
X~xSb
H%'O
&Q#7
T}UV
(y~_
zYF0~
+Fqr)
(+Hx
 m95
mR_AA*o
+3um
m'.e'
OT?8
p?2d
eYN=
 aOh
.*p}
%rCz
[0-G
l{.z&aU
GdHg
&\{v
W~U`|
mzs&
,Su(
!fEO
vEShOix.
tdLf e,m
fbId
WwG{
8}|C#
0?G$
LJ]m
rF]<
;$O]
."Co
y^]7<
]V_8d
+c[}?
iD]b
p1ppq
(tM2
x!:R
[s"=
!ywL
)q3:
]]6x
'l+:%
&WK@
4$%0R
01K6
8>Y:n}<S
g?=_L*
>fV5
6wFyt
<Gkl
04N@D$OC
0fy?gD
i7\,
L6+w
gQU_
IU_i7
^1>=
a:^D
Mh :2
VEg>,
k]IP\
ekH87T
C.Rak,
=8YB
5-$@B8w|\
+82&
Uv`/@
DbdF
z`3Vu
#y)cE p
T0Iq
e.T*}o;
y]9N
}L1A
#KTQ
p+qW
;'|v
N$,jU
z{.%
K$i+
{=T4
t]Mx
w#({
vEi)
{vP)R
.u<`e
rv<2
J6Nz}
V8vQ?
*%'*
P-o{
jr?K)
Pna3}@mm
J>C}
S2GD
2fj:
H"w$
%`2(
v(ez
#^qQC~o
7~,CQzyK
N_[1n
8u*e
aImM
6*'Y
[A=G:;
j-t$
{6.HI
f ,a
[HPZ
SFu!
Sm,#
4%p;
C"fa
'!!Z
)L o
\I_b
E$#M#
9vO7
\]Po
5/BHv
OnO0
q36r
80K8
e0^;
45/h
g^~_>_
L8&|
@26=
4\oL
%sn}
;.6'Ld
v:&`
oK*ol
gp+Y
+Z)+X
Z'mY
D6FZA
|xR\B
:^^_
/Da0
R=(F
c ]S
n=S)>
Tlv6
s:^gj=z
,LBC
UP3u
bqz4i
n;Zmy
eL4!
z:$~
\*W_q
S!H6
6*j]FL
%1Jb~
dvAm
Hw{|n
*ISkJc
S-8`
i_H[!
vL6"
mgnx
N$jX
ux8A
V&V}=
~`w;
^)By
>e$<
Q8W=
0dJ/
k"Z<'0
R~#2
4OM"
a@h{:^
x}<`
"_Gu
LCwy0J\c2
)O#1k
a4)iT
#nF0
H{s/a
{G|s
ASTf
Py6*
zN~w
VK)q=
"r)f|
VmIG9
$rqn
/S~H=
[Qv|
a~eC
_1c 
'q+'
t=#+-
4SBI
)!0m6:
D*V39+
=1,t<
--*PL>
XO#5
M!Aji<sE
B}Rv
[I$U&
)+,G
\_\}
d=[0#ue
E]xG5$!f
aa*q
:'ocM
kyLD
U5a#`
YV$:
x`k1Ll
yE|,
"1(&
OR!l]z
]-)L
To<>jjk)
@dCI
!G&-
z*i6m
\9 Z
4"L(
Ur5]I^.D"
*be\U
X->?
rIrc
lg"~H\2
O:+|
714$
X#P#5
cwU=*
@);?
+H-WO
5R:g
Nt}0
GwVA
`y$#
0U&f
I6u:
;i>s
%@m`
mJ=@
Vx=;U
Z?v%_
l0rCw
"Q=\
{!^,
X?mY
bes_xx
XV&U}FT
Z<sq+E
MMKp1Ra
%Vsc>
^Q-H/
EW6p
=\k>8c!
A5\,
/WE}R
5}mW
5-B*
E'<v)
4HCO
31\5
Z}@HvS
:8C(zA
rAN0
lfB^
gtRv
]B%z
/#m!
*B#1
"}7,m
3N6i
, u7*
/>?o
E%rF
_s|A
qlOa
H?yE
jO1lvf
7*304
A4zE
pIB0
e!KI
uCa:
/xBC/B\0N
i>0;
1-]{
JBr4
I4:3!C
ZO0#
8FU{
XqiG
Dw"k
TlUd
(FEJ
O/lU
u(4xD
_I:h
G+"7
`ktc
tbiQi
5H<j
.`x&6
WEE!
du||
_4ad0
3:h^9
iL;[
wD\w
kAi~M
e40r
4ld{t
?W0]
=j&v
%'CQL
 crM8
 o>T;!
 qB:N
$uFh
A+Dd
WGh!
R+Z}m
ElzU-
y3/v5
(`t78
y7P(
l)O}
8q#4
KbwsH#,@u^
,gzT
Hrd{f
S7 p
~EWMh
3-zND
_$M^pt
QUjSG
K'{)p
v=|P
}`TI\.4
4={a
.hPy'
\PJ#
/:85
{YwVU
*<)D
 ,E0>
+#P%>
l;<%R
<;5r
e=}n
f%Su
UqE`
]nKM8A
[Mz=
X}At
!3Xk
QR[f
J-`y
B@nF;R'
*l=21jn
o}~}
0,kf
s(B*
hA+|Vu.
K}nKq
oAv;C
EXWEW
gT,b
{.;%":
3^h?
c'xJ
IY=O
lKe#S\
{uBt
a>8{H
Ouc#
5S5MC
+3_d
Y&r7
(cf#
!=RG
H*N+
-)2s
)yNV
_+=F
`<Y)U\b
6Mhl
60[X
v"$^
es2dM
p*c/}u
"~nv
Wzx+
13|_s
nBPC
@&U]
qjld.D
aikF
%xbBG
Ovjn%
,<]-|&
DEni
P0o5K
{8PBOe
_#j*
,W5QM'
Q=ax
'amvj
`Yic
|_cC
rRr%
y$O<
S^YIV
LDu!
M`x`Ks
[yLg`
dWq-
vd=Z;
QWd%
wQD42
'imN}
}+Gp
iZ !A
Z\ 4
T>kd
LErCz]
9}}5
4_Uf
)P5@
6FR{B
;Us}
@I/`
k]XT
+.9bwkRB*
i@Sn
3K,.
e":J
"C'>
d<mq
?t;?.
,j68M
Xmis
;6k{
dOjz
Y#G8\
gbu)
Xd(g
]h=Z
Ddx"
*:w}
jXp!-
Daho
XlFB
o+FV
szn=^:
+"IJ
,mu>
`6&$
W t9
QiCLA>,
M]+}
*H) 
G@-^
u'zKxL
c$x=1
L~Y[
=j@;
dW~MX
8+II
(= (
6&w[
kGIC
I=S]
<_(u
:='=Y
=t2Ub
!UU2?
Z'!@
YCK;
bPg_
7^?*h'
6aD*
<5,t
qQ6J
fo2t
S]Zw
8Vu*
agmV
J^k`
]md]
\m=p
-I[^
j(B1
L`M`w
41Ss
'""@
,zq%
^h>Y5m*I
e39H
Sgs<
SD_:O
i)gI
/<>c
w GNPV=
0k'8
p3Gv
"7g@
Uwnn
@t`]
YR9B\r
Wpzq
yfoK
pSH7
<|Nt
%Fg[
S6fs88R&
='TN
0p^{
am&?
#.y=&
Z&UlF
\/fD
n&qb
(0Y\EK
8hI=
v}hq
K~W/
lCu$
=u}d
r>y3
vyVr
wVn}
*ny7l
2}LD?
Y9^q
9xAT
kfri
Ke,(
X=r*
eChp%
r&IO.
]WCu|
_=@f
M`?mh
<m-B
S<c8KqM
,%Fz
xh[BM
R[~m
 .36
s8\[n
%NN+
Y0Pc
Bzl]
Aqwu
t]A+
?FnI
zxas
7Ej'
+P27
j,=sY
Q/<x[
>66#f
@03pU
>}c*de
LTHb
|faI
)zIP9
DHW8
Q`<R
$B,XKV
g2Mr>N
:v<z
KaM8
p~-$W
sQ2z
7xNJFj
sCDVJ
YoY#C
WI0)P
>inA
n9fi
y-,>
BL4\0
~buc
x9-i
/0bJxZQ
1s&&
59dk4
V8d3
Vl&P
g!D{pN
.Tb}7uD
LJ2W
%ldP8
S+Bgm
2^B_-"
-Tuh|
S|A_g
}xMG
3zZA
#jk;7!
CH&i
K\qi
h XJ7H(
~2Sg
ewS?
:aIT
l@P+Y
YJw4Y
mN%W
YX!W
o5%~
ymE9
}feH
+-':
&R8L%
u7^7;
P/j)
434SMb$
W\Crwj
YQZD
VuFor
T5y*
2OP+
A3fr
oK0{&
%3'~
Me{.
J(T@
F;Ui
;AdYe
"?`y
9*Uh
aT^%jO<
F)pD
uG:+
z]-+
o\Cz
dG(.L
 c,z
1*@;
@A>t
f'fm
7; G>-
MLSL<
&pIy
;,"d
]i0Yz
[wRk#
y'7e
ow^m+m
K(XD]
/>W94g
y2~$
Lqb[E
H/vC
Hkv|
o-xKC
^2mJ
+/D} 
q$rM|
8Bzq
1Wty
matM
wPxz
JA] 
lHv%
E*3N
Omhx
dLd/
R,8uL
qQLx6F__y
3N77
kiMp
xt2R
|AsF/
V>)1c
*Juw
.<Fi<
~Te_7
eTP6
dM|Ic
7[+J.
T{~t
7FxXB|
>M!I
H[do|g
qqs}
2zsfx3
X,OE
`G6vBY
7 U=
pzx8)
deu->
8ER9
\Gg*;9
k90%;
@+]Q
Cc%j
S!<y
Kq3`e$
H^Z"
[x>U
%-&7
m]us
<Ago
Wu2L
hb4p
17/"
Gpo%
_nOdh
?abS%I
db^6
}Bh9
KfJr
%W 4
.~*\^;
/THyddP
RfD'
uK6Kb
pozI
;lMr
K=J.
zkq`v
m/S~
Br-Wy
yoVEL
t':N[8
"V:Xt
"5S~
|?#ZQ8
D}_@
]~F9
(W:#Y
:kzy@
@H(-
N/8O"\
!gsd
dAP)Q
:~{`
PA)T
Vm{m%
KQBq
dmpD
>;;{
|Rnz"6
@5]I
%/i'
/$$K
`Zrk
)-Noy
"^KRs
jmG|
Xqz\
;GiD
FEu!i
k7SB1|H(
0"iT
Pec2\WFb
'Y,w
F.zM
hxZ-
"`If
mj;_
AQnv#s
=R;i
f.G+
A+'C
Ov&cC
>jWr`
F1,t
0q!"
UY5`
ru{m
U~*+
IcRn
+SMZ
'W:7hsK
dIUc
.&L5
4#lx
EiM|
\F/Q?bV
& ?+
)Bfp
LDw6
=In.
GJH'
K_:m
M${@
7:aM
\f<<
2!`r
/e-l:
c/cqx
?fDuyu
W?J7
L?68,
GPqa^<
P*%&`
\,>(g>
NR$s
g(_y
?2v^r
_>D1
hwg`
?#O!f
~Aj<
Om5Kea4:
o"e4j|w 
.;R5
f9d&
(qD~
dGFl0
kl\C
8I,)S
bn=Rv
^$^0
6%vv
H7%w
&o9b
,*A"#
~&;U
3V. _
Ep {m
'Wj{
MZ`Nu,
rb~T
Bj6q
aI3JT
~y'7
s#cS
-Bv"
}eE>
S]-Q
DvPB
lV*t
^^Z2
vfLw^
jm!]
A<-@{
M9eJ./F
tKjt
I6:%
awJMS
xd.?m\
~(2f
b$\1m'P
G%k'
{sy{S
LX_8
g\md
`L(8
2_Ua
Qxl8
p*MM
]MP[
f>?@t
+63~
{l+5
F_O4no
$;#E
/G{i
 bJ2
=jeb)
V3Um
'<`)
#"Y8>
V+|7T2<
{cDZ
uzBd%
Gg${
j~E,
2S|)
BStz
IM5*
dy1C
`}q2
#t+3
81>F
::'q
Lx\s
i|$bz
sN&P
 @wj7
?S3;
{I^}cD
m;{C
r Hq
Y")c`
JKa,a
KLQ'j&
O_.q
YY+('
2a{d
Bq.y
I6B"
%$Rw
AU/u~
:mh,S
GRNL
a%.h
aP-U
^~-P
@>HzX
K}O8
A5Id
pro5
N_LF
`DiD
@Ut~
QjO3
MO0r
UtfB
s=$v
S2^w
i1)+
I$p=
Sx,N dJ
H5K0!
H<sf
cr0HC
6_ja
olj^
G:AT
hE!2pm
YZ}1|7
D+ee
p+:i
H: II>R
EM]%
Arp:Y`
Id0A
T@!eDv8
q[ w
.I$^
a2py+
S$zxN
[ZbGQNf]
HWkV
&Zr_
LEWk~
h,/:I
+8vf
a?xFLr
lfVsg
syl ]N
z($C
}JaIj!
I'X~
wTpCC]
{n'iR
Om(QR
sCk@Q
3JlG
3wY=Sy
)yjd
,8x 
-bb8
LqP/~
IN)'
Js1p`Kg
.U{I#
?`g2y5
oVt6
?qoe
;H(%,
4=>j_
|y~O
v0g[
E-lJ
sG0)
2X$g
FSeZR
y+$$!
#)+p_
7BJl
?'/j
5b2I
C[%p
`"kj
LI1JTRO
J}?8D%3
4~05
50g]
gKFk
}K_w
\J%N
k8M2m
dX8C
'K3K
F^nY
h/pL
pu[J$
J.aw
NngS
a2[z
*bj`
$%HJ
KlR_
0m *.
;4q%1q
eJsn
v0|V0
Vcqu
=u?9c'
d]K8,
pXAA
@U'!M
59oxDA
%V0,?
'1-pt
rPLo
E-E)
m[];
M RaH
:@QH
q:h/
(Y$T
2),t
&,S:
D*'e
FTf07
I&\j)
?n9E7
17>8k
qbI8
^P26
Ae4/
8<VNw
bL1'{
y]zx
pkO<
QV7E[6
;lki
3~zn
uM]M
zisG
KgG(4
IdS|
H |>
}Cd=R
T|cM
a9B=m
e,4g
}MQ_L
3k)t9n_ZV
X;#7
D~WB
 4k8?
vhop
UUh6
c3jAp~
NvzTHp
8t6Xl
$BAP
htHu
J.OY
j:Xl
WY@v
0lYK
'onD
Po}nu
tR6+
-4*B
,CU/ 
YcL~
j.u'
^;_Fm
EHvwL
?e5i
O3MT
1H{2
U81,3
(VQJ
#Hb<)
Hs9c
PR*g
\4b]
#{iM
{&kw2
fX,[1
I~xt
@||mp
w<>4t
}qes
vM@/ 
U^jy
'i/kJi
!_}A
JD??
6!mV
$Gd$
fSui|
i,hia.
5{b0Y
MFR(
QXMf
WH3k,
f?'x/
zRC(
$8Dw]5
M45q
`/&T
:F~V
(I1%
01k{qsC|
-^'5
\f{5
';1-,
JY4g
2D#3
H&`Y
6 oqcF
$!<I
)z0|}
+q#i
P,N0
3nUx
bPR-;
KJoj:
3cP]
NJ#s
auG&
w-:L
f#YlS
ZB]b
{i)8 
yach
qHj8
im|4P
iu[e)d
dkEz
,x=E
82UKA=
w%_5.
F+7c
\>SQY
EVcEhg
&'{b(
@ky=;zv
G9l9
Jh#7
j0&` 
}!\6
Jmt"
#ydW$
D=.ZvT
Y>Bl
Q~ES
AK6BT
4Y|xP
-:E,
1%pJ
v,;m
H/kHbr/V
?|ARQ
j2t(cF?Vp
r}ax
6([s)1
v=k1
~Q##
x 4X
IfG*M/T
)=x-[
@8P"
d;s+W96L
ab}^k8
KazO
GC?j
Y!}.
L_@DB
 ,@R
{tf@a
l(DIU
>8i<C
O54.
4];?
p;Y)c
d}\J
M_mR
nC7YsV
?QO1
-yj{
i&aA{
wl'+6q
b6pN
YiAW
@k]Y
f%h)q
A*p~6
uwT-
39<|(
<)Ql[
'GxcmsW+.b
?C+`
ewET
ZIKk
v*r+
Xmz=
~!rC
<vDS
80A3X
d"|tM
rA&H
`$Z>}
lHO.
C"-6
}kF&W
fb<e
D?:{
N.MEee01G
-ue{
*&rK
0(mY#
>o=Hh
N4!9
:Ic\
O_,~]x%
=k5w
mAA<
z:z~g)
X[pr*
AmL,e
=EN<NP
wvn%V%
:|OL
-zSB
_x[H$
>=Z;
KiBq,
`x6;%
huXXz9
6<i00
!@=Y
'=P9v
_Ud][&NH<*
Rw>\
 tX)
zaS&
Jp64{
@D)a
7K<8
G0tl
<sNI
AH.~)
v]G)k
Y]TM
?o5M;N
c{$p
AD54
%G|K[//)X\
?t*t
pLvJ
@kvYL
M+WN
b^K3
r~l_Fr
\)EU
ha_37+
I!iB
,.7EDx
1w'd
.\AS5x
U$!sYo
@9ZwT
&Iz[
VHVO
H`2,
5gfo
VQj;
\MWj)
z&k<
eRFG
oV@fkBs1V
U$Pm
~Z<b
C$WL%
f1q{
;2ne6|
!%9q
E\<P
EbeA 
>kpV
&bS;
t.c.
pf<\.
h(+cQ
+<Bw
fSM-
^pT%F
/Wd8
&,E}x^
?SS>
&KtV
w.z$2
Vbs`
O<$wP#c
-?C}
3T>]
;LQw
9d=h3R
CsX/
8S70*
<&WM
'Rpk
jT&"S
IhVV^
ZH!/B
Ae x
)/:_
"GZ+
<Xz.
&{G^<
3U%^
?[K*b
$6\K'
Lb]A
1-8)
/+&~}
kG@d
Wtyr
`Ve8
`!fs
uugz
G-}Jz
FGFS$
S{."7v
Vh>|
_j1al
*,OT
pW(^]=sQ
%)\AU
&TgX
-!&g
]F&h
+Ah2@
.yCxY
BNg$
MwlR
" Rk
oMDPG
Ok@Q
F=CQ
sD-W
-Q=L
D7lJ
Tq-cB
-u%Y
Q3{$F
W[40
1\Ku8
}/S k_
36(Us`
D\3P
TeVZ
F50vA
.=o\
7u|v
b;SlE
0V@q
UW}_
}2$:
Sf~I>
GOCs
J;~t
'LWG<
QDn[
O8QN
r-pu
Kc9Rs
]4TB
E+a?
b-h$
*,Ru
P<%L
aS|)?
BG6D
[j-ssF
FYX,bb
zc=,
A<u|
1O]r
=Z%s
-mG9F
bbpcm
j7FG
d)/3U
{)'R
z}iG
TQgQ/
_MT'2
Q32E
k{XF.S
Qq&Thb
8J&m
dD5/Y0
+ZF^
7$Yz
ly[2ZA
ILDUxjg
ag'a
\vmU
GNpV
;7*c
H<x6
_%g)
~?`Y"
_4`QY
vc%]"'L
pA>`
<6~`J
2~=]
+Q$`7
Z{Q(x
kGr/
7s@QeX9
2<#*
G^Xc)
vSX~
Nl5/@
!X.*
PACG
e)DH
_!=XD
6a)(I
x^1%t
j"I=+v
#zq6l
p/XD
fPI<
>3T{k
NI DZ
.=9xA
/Dl]
{&g~
4R(Fvl
^OW6
[TjY
e9"p;P
(b>V
CG>*
L"{4
hCS$S
|K3Q
<Lv5
{Sz>
NARd
?Y=~sG
n"2R
>.rv3
P$C$
VMF<
]y`T
342Q63y)
`2Fq
Yg;n
[Hgs
UMb;
ffsn*0/
c<AE
MdOlk?
e-'~
niyTg
yB[%
.;$y
*no+NiB
zuBB
3|:(
\7pp_
Ab)`
#pvqa
{]rEj
yX|A_
-&@k
TzIk
}Xg^r
mf"y[
"Lc.
O-(T
8zj`b
GsTo
e3 \
iSM8
/k;C
'pNiV
f<xB
U@ 1{
[L6p%>YV
{yV-
7YREt
>|1]
*KN`
+=!P
z}pB
'rHb
6ySH/
vU]f
^8q4jN
UoWF
Au\M
7uV{f
v/m;
\^fF
=Sb0+r
Xqz."
Zppn6N`a
&O$q
Nf1MJL
pF"+[
fuS\N
"P5A
awS\
'5=q
64:#
s, p
XBQ=
lY:r
^,nWU9
?MGs8>
1!<+
,f o
`D>A
I=cy
Kn,&
1;<]u
:ku?!
Q2{9?N
O&r$M
abP2
~Ju;
@mRGMA
PZ#`
^5.fi
8OZ.
~!*W
,j`*OU
&&e*
I>),
^/Y$
w}d)
nA,\2
ByB6
rj]7w
Q*5|
^]-_{
M>FV
PJy$w
{30]
["2-
'\hU
|S[ 
p(=,
_&/S4{
['w[s
mdBZ
f?]jg
M=3{
*P/!G
)l,s
$J!*
xX'K
{7+8
qq3p4
TXf:
@DY%t
Lp%<
(VI;
(iq%
vUmx
:sYI
u^${{
SC0t
;:cj
MN@U
IH60h
cj`-2
*juU
{@rh(
Wse3
$LjAM/
P/fc
TdG'
> 0N
n8+;
}}&qn(Y\
~BEWN
E&J9i
{R0y9]
3{/D
s.E$=)
n|>77
c(Ix
tNKko`
Xp3'
N It
_sUh
N:t%
oe3)
*AhW
A.U*
>&'<
",u>=
1N4Ec
E!*I
*^A5
GSzB%QD
aP!t-
@.;5
^Zxk
qm 0
y.mJ=
Io6T
S}R9
!aI_h
5_,W
fy\*
jv-$v
jMc"
qWg:
SJj5N
7L4sFB
3Z/p
K@&s0z
lShE
XD\|
I$7)
8+mB
tN]?<=
,>{3
qD<][G
K6Y[
'_(;
kc%H
Uy@Hv
)<ye*
h6-3me;3o
AHd-
;Suw
~8zN
Ue8w
$'pO r
kag(
RAy'
JR=B
Hh<79#A
^lx_?
9JDd
^>zF
k%n.hd$
JU'%
brRWI
;D.g
}Piw
=Dm_
}Hqn
B79^<;
kFqw
ZSNH|t
E[ag
9J=W
md7t
XKIbp 
Aa=X
l&"|
?Or1[
m{\F
0\o2
`+[(
ulJKNn~P:
*u=|
DCh1<L
qOLR
pCF+
m6$9
\nR?
o=(B
"Z|t1_FLg~
yOX[
>\G*
YN7@/
veK&
A\<G
t7p@
Uf7eZ
mBP$
Qy.6
d(:_HO
Gg&w
alq6
`e3G
|=r3L
D-Saq
fY'D
dCY<8
y4t,
p&J=
7hRM
-5D?
ckT$S
<qE~
SRGg
#)kYG
_@`,
 >{^
xOC67
oz4g
9z?4
C6zf
kNPrj
ku9@D
'Lp<
{)X+9
-t"t
B*Lu
TB[D
Yxa\
0w9de
z@pn
z}}$
 r"AVv
(s<g5
fQ/S
K>v{
bmTr
JEGEu
c,h%^
tul<
FF\Ut
*%l:o
1Ss8
ljm_v$0
m<HMZ
O~K@'FT
IWg(
Tx!5
*&M}
/)`#
z&l:
^|KnKB
}T~?
'+:#
>~gy
|DF5
4ylQ
]>8iB
`>s\aFF
r_qL
6gOJ
,P\K
X;GR=
(e[b
44.+
Ne@\
Gv~f
p|I;
UBQg
Se[Z
$ekU
%Ne$w
CDM0
_ Og
X1"3j
Gyx"@
/uE\
2NjY,Z
tu"M
OSP 
0;41
8QS-
0(YX`
x,$D
91'\'
9;AOl
A.1vI0
Y*nB! 
4uPB.
" `x
3Y:n8
vO(/M
iC#]
U_~"
%3Q;
nPH|3Z
r94T
AM9u
dT'CZ
tzZB
|vh?
Mg_Y+
;*^;
qMiI
XS#W
_yG%:{
CHH$4k
5I5I
%}9J
MtA_
~%Fd,9
n/B%mT
PvE=n
TU)7
"!.k"
0"4Jo
U!|E
!9Tis
8}bN
do="
}9d\N+
WIIm
0]H=
BU+F
ua[T
`+}A3
8D7VH
?WZ2
w{ci
(%U2C"
>lmY
N,Sy
cb$2p
gzY$sxR
hql'E
o[,L,
IbjJ
*=Q]
n/JS:
[!J53
b_$#
cs.%
,Kri
UCs'R
97!xw
.uJ>
ppQU;
4nq]
X\YTV{
5hO|{l"3
tkvQ
z'qv.
kN,h
J_FrB^6
Bt:g7
c$l5C
zF$3!
gpIF
*Dxz_
!qMx
$\MZ
$2o,hzx
[@4G
5l`29
[`r=
NiF@
5W"n
F[Xk
m+|&
F/8+
-!]/e
`(Kn4
]#rk-
Wg?a
;K|f
Ma&O
/D%9
Aa9`
5gym
:Apc(
hsyl
6Yet9
UVLw
Yb<|
PWH?
Kdka*
,tz 
zqQo
^8\;
n9T4}
Z\;XOsw
`fGo
?EK9
J= $
xH=@
Mj;e
=9umJ+!d
n]2H
t!Qf
ib|/
hsQT
Sz_i
X+X!;
sr]tX
"@V6.
#~`&
?Il 
QXR?&nO
bf[<
|6]=<zH0S
^/f0
5&vh
1.L;
L:@zxk
2a|K
8 *1
%<7m
Qi0o
@}op$K
N|]0
ggVQ
0-Ok
-"}4
K](4
RHV_Z
6q__E
SZ{:f,
,9m-
$G==
CCGu<
7xs64
QUjW
?6$2
r$At'
ci*(
7PHY
o*ea
Rv.$
X'`9
R"fYPR
BX0nAD
Pppm
{t6x
guwV
&e?Z
=t?gA`
vO< 
qAuAoW
.z`O
HbW1
gvc#
rcjt
~Gr1
<1k,
<~]|_
EOw.V
!JuDc
WJ4]
L2,g
fp`]U
=:d\
mx-G3
[.nV%
KYc|
@{`V#9
NlEc
PmUN
|p?~
v)'V
n^,d
KN0N
n@?l
j4P0
d9ru
og'+
K+x2
OkTW
?01b
s0>Py
NV[&
}A#:G
2zrv
\sR9
5!}q
-l#i
TF~3
PegUN
0~'c
_pVN=
|5rf
P""z.
HMSn
W<fb?
X~ C
-Dj:
Bli*
G/8x
"b]%
7T47s
zLop:
0bH 
GOc|
6r5'
vYO$
l/N<
2!_:@
2_C&$
*oPaRa`
=iNa
qO./b
**iib
Kl3p
1KRJ
j#26
ohS"
BVxB
6d"_
dLAC
LTd:
m7PK
`oPIz
?&\p
#_oB
 >uzZ
KYN}xk
\A,l
-kb,
.!sw{W
8F{Vn-
uCA@
SB=`
yt}UK
j&C.W
,%lG
ZJB$X
VL|X
4=Hxs
l<O$
j"-O
mx-i
!S]LZ
&>^l4~3`#
%iby9
%Gk]
7c7i
3mop
s:v7
.z%/g$@
zplN
j}'F
(Ydg\w
)+7J
\T-g
D[?H
w$HN
4LY 
b=*VP
9YU]
TGS`
_:0s-
@ T%
2AGo
pX#3
z@Ke
<r96<1
'p$G
oZAl
"J./
Ph,y
E?)Q
&:r,
J}~W
2s5|
207u
 e=#
7}.j7M
/FW.M
0xy:
:eT_
8h3k
*Y|6
u[ .
f]eRx<
ZC{$0w
/p!Wc
OYa@g
m\j<
 tBH*
7r[v
Uf:U
As->
P_HZ
p&r{@
7:2h
N6Iw
|3J):
yT{CT
UeFk
( }*W
bvI^m
)E@<
kH5|:X
Y%{i
~vx/v?
)4Ic
bQT2
gA@%
#lwbg
gJ]Yk"j
$Bm[1
3_=<O7
lH_l
``hi
LF|%
oGs5
K%;Zc
xc!8(f
.Ra5
/&~C
A!9A30S
W5Fx
rz+l
8rj;-
qgzu>
JV?H
)$O]
U'I 4
Y3x^
2cDD
.tj1}
j|yA
Yc~}
ug/FI
J60M(t
sVTC
~K2\
43B2
]E@Z;
oM2h
[O+Gp1s
6/uZ
{q)"s
(8@{
WBdG?
7m}#
e*+W
T/^40
?^[{!
/[tw
&lY.s`7e=
6r]$
J'fw
*XB62*
jYYe
9lydD
W7ehu.8
75r=
[@Pt
lA=q
Z&3I
h2(<K9
DIUU
9zcm
^|1P
L1LVN
}CAAq=
zbu(\X<
t|d\
M{ L#'~S
l/@c
A;Vf
*80tN
N.A&)G
:h\%
^509*9
/5'2-
.sp]
aS}ut
x5y/a
M4+8
mcO03Z
NTdy
{'@m
(0Xz
g:m4$w
HMD\
3\j5
.>:7M~
k'U%
(DdD
SL]c
lzu+g`m]
DnUJ
e%89
h*nh
f/?3
7 qdzky-
#[{p
<3 >
,;]p
i=d&
NX*_5
/=dD
XU.4
ij Y
c=Rc
L{)D
i*Wf
88'"
Y(qR
(=d}
^~ep
`BFR'7
_X+a
_1%=r
H#Nb
(4tO
Tl:&
_DJJ
mP9y>
Ho%mf
K]C-
>&bI
0&nQ
Jvf5
UVsV
+w8[
H2Y0l
bA#'H
W.Pu
w'2@
4**Q
$1uA
y,,=!$&
/1!f~T3]
`{A3
.[JC^
i_WJ$QP
!5tF:
1x:+
s'#T#
bU1l7
.Ddx&
<YCP
O$&:
wD4w
>~,{
39"Fa
>XBX
M;S:
r#OjF
V<$n
vM g
{%y7
3e?5
?.9F
@T.|d
SyKG
moU}Q9
6@0B
t_=HID
c@ky
7j/9a
)Z)Z
s>4%
Wr3:
}Qv1
F!qg,.
<\OL
R=+pb
u#4l
tx9p
HN= 
_4J}
1?!%
"MG_
jy\F
g,5w
5D@r
;$?Z'
c[RH6
Z@e?
Wk5ov
MFr|B
`fDv
7(G 
FALA
G4;hy
|,!"F
]vjxn|
Ekkw(
VXMfB
B=b<
ag;3:h
Z@+>Kp
_CX*
ONcY
H]W]
4sJa
9z:kb)
O$q/
?s$M
8lqy
UQ8*
]5=?
~y][
e[e3VC
'.$02
Y_`K$
2O]<H
 ZW`Zp
T&>?9
DDkq+
4w6\>
Z1zT
*KV)
S?wK
{cxE
,l"V
PCK&W
TFnAb
NB@t
>cic[@
}{V0
eGzt
9YX'
n+67_
3}w[
hx]5
soU.
Ol7Y
<=cv
d$4*
JnfEf
PH~6[J
QMk_g
-P*d[e
rm.5
G$MUow
qY+u
FN(J2
lxgLm
EzQ!
}fij
*6C;
ttF\|yr^
<`m$
zD1?S
XPGQ
cOAT
=\J%
Tx)2
c^@11
uCO}P
ngtW
fNbvd
RU:b
+,yr
~Ek$
&,Wy
70\2u b8
E8HV
%&{@
7$>{
Ii<4z
]$w!
eCq&
ub&w1c
cw\!
`h=)
x1~D
*hCz
Pw+S
:efq
OFI(
9:AA 
%M(T
"MN3
eLR n
c=Pc
Y":C
.w!$
|p./Z
h}Y;f&
~,r[
,E9h+
][ct;H_=
:iCM%-L
G.V#4
GCDW
.2!$4
z/2K1f3
J;D'
<RQ$}6
6QS}2
 X$`;
9)4x
IVj07
IJ}-
kUL]
r5&C
W&X:
/_('y
<ZPQ
\m9R!c
xl,M7
;ffH(;{J
dGfK
X1u5'
<#Wg
H9^ }
.o:)
W]PE
 1tO@FdZ
duul
pgu:<L
Zr"4
f6%X%U4Sd
T>XS"
ReQF
.v-'
+&9ni+
=H{<
w!?%
TBVo4S
,^MU
z\-<
qEvi'
&3d.
-EMD
GdX5
483Nr8
ybi|
FvM!j
n3i#a
fsoa
3YAr
KoF=J
>-U\
7$HHz
]lxh
J}KJ9
iH<b
FXt)
M+n)s+]
fN"N
 ~rgFtg
V8+S
>00_{R
LQnN}
tmTp
_Qt|
}v>eTC
5@{H
U>KMrY
Mnvk5
E^*SC
E)^ik
W;!H
2=Oj
&;e.
hi\}
^i'$
om^E
/ga?,c]
TqNB
w?(,J
;Fy2
)DGC
`65K
W6zQ
f0;L
5]\,@ld
z9}Nk)COz
_4m`>
s%/I
j3`%
%y85I
-:5"
U/C3~
aLz#u
T:,M
hJ0}g Qq
*$z/
AlK~
|dpT
CIXvd:
U\acq
J_k(
M|;n
~>!4
i5T=
7X$`]
Ka@E
-3#W
?+^C
O4KYa
,MwB
OksR
J0bZ
>Y:w
hK"b
`B |:
(9 w6
-#\8
p]*F
A"5F
%{m_@$
d[r%
b':F
Xxzeb
PUm6
2Y:(
?"=d
=Z=(HO
!eC}
K+3F
3Zj ~
7=-V
c!t%
e[R`[-*
/IiCF
E#DrF
~9_ia
,^By
@y0s
.`D(
P>G/4|
klC6
\P".:
Hg&=
@8Hn
@H;I|T
)Zwk\d
?7Xr
9q$aNdo
hQ1DJvEN
01|:G`
!ikU,U
0s{T
>p/"&
2]A',9
a4vy
>Z$a
v[pQ5
 f'z
F;ZI
X`"l
9A/]
3kkj
^$u)
(>s'N6<
jM|H
^ a1fi
fC?^ecj
 fjP
sy(8
k|9[
_](*
:{B`
3z(P
zj/j
0H.Kt
p7cO
BV|em
d,.o
9d^4
>#F8
*D5b
P*'c
ojkA
]a@h
pRSQ
~^=bm]
Q[xv
dT(At
cT5@
c$_N
mE8L
eA%q
h]~N
Tj@(
epfk
K+C`,
S^#d
`eN/
=x^Z
a%8 V
bn,"V
zJw5\A
9Ou9Dk
5-n^
1f'Cq>b
>G}BXe
0b[AQ
{]R\%
F1wc
n~eD
In{r
c'!m
k\:j
R^\l
[TS)=8
~lzp
qWo~
.LWn
=C`b
+Z,8
$wEq
N`2>
k74q
3@)C
b/lj
M~Ia
,Ob)
4f|hq
w_{n
=t%^`
5LW]
fW}Sg:^
G+ `
OYYS
Pz4%
Z|M]
6-03
T-P8
F]'T6f
nEU${
Qdm=
1V$=!
 &L\}2)
b&u-
9"di
s]kj
2Iq^p
Y+zr
z|H!
8YJk
0)9c0u
ZxW}
mX<X
V*J=Rn7
9:e0
b&^r
Uk=BD
w3Q&=;'=r
rR]*ZJo+g
u0@kQ
}=-S
_9vG
/)!,Vw
H+'7Ly
+g?QPJ1'
M[(B
[ vmi
b]fY~
wQLLj
mh9v
g!8+
@d!0
Hu~sNG
T2;h
gU|W9
rcEt6
t5[Cd
U;$u
z}"e
F9p?
4&/*
!Ug\
?2ch
9J8;
<@YC
R[8o[
M R`
/]yQ
^+"h
Dk!Xy
/kf6
oUgi
4p=e
VLRm64[
7vvQ
/}]u
iGV;j
B5q{[
i{Vn.E
`w=?
r?i*
{fGuPZ
h1)?v5
vy:3
*&t=_\N
)^tP
VJm?
"E2|
lL7T
UNS}
^dLB
l}f'
!=b.
#v O
={BZ
=1<h
$SWF
1ab[
28e]
S[GF?
HLe{
tUgS
>\L}
l$Ly7a
7|-<
GSEF*
'5h{ 
O/u+
z<^m
`TLK
JPB\\D
mj9 
];(Z
#BDH
WR8w
^(u$t
"Ncq>
C;b!
>M/<
&^\_
h]UeWA
5'a$Y
B_$R
/`7tUFz
wO19
Tq!o
+!3)j
Nq//
`RLJr
[wEb]3>
8j)u
0nrf
ho*~C
[4P*%s
e/+v
rn;o|
qylg
(*igD
5^qu
cV{ro
>Zg0[
=&OO
ml45
f+/[
tt@%
H*h0#
g})h
L!kuZ
P99P
7q^{
$%kT
S)kF6>(2sv
OEUV
_?/y
0)K1
&!iU
@AaY
FQGq
( Od:
<z#uB
_rlb
9"f/
'\;1
s2>X
eF"6
'~K?LY
IP 7
/#]n
CP-b
:iJi
e;\Q
%zuRA
nwPK
*;$G
6:8p>
JHi%(
jM/v@
7qLg
u./)b8
Y*1S
;8{L
%'cz
"^kfr
L-|p
|`<L
5N$W
j]?O
%R?]
b(gxa
N3B+
E-:x
UmSu
jp/_
7clFb
a<8~
UVL:
|G_C
/ygS
'ifOo
6o\:
F&yj
;?uL
mue *
9g(K
+8_;
b:Gc1oi
K)|4t
?!I@
}8aJ
\\WD
x~l0$
v(cm
l"0i-
a+,9I#^K
99h_
JdJU
mIKX|
m2"!
MAX3
crd&
ybJW
F.{R4
$],9
OMOa
6|4d
_K2W2
+$g62
W+tZ=
DedE
4R@#!
1yn~
{T?J
xA?5
K)(`
CYHz
22)!
Ex#m
XZeD
(I7a
5V_q
-kGP
&L<G
h.v+G
?D87
z-w,
{f5Y
MzO#
,pO>^A
Uo!o
wLr~
A>-.
7-xx
#~I"
eblWp
0"ttM
Z/Y>
pdv*
}$SB;
?3FK
NEL;V
|N'E
Ni'"
LmoC
Z&]P
M)ziN
Y2'T
D&H]cr1~
Bo]=
rcQp
n7*^
WG^P
.<6d9
3(~j
1z&v
eh?52
~+j3z
;oEx
zcu'
mB:0
!5Xt
t>!R
HUbM
LdFt;
->J\Z
{tFK
Jsl>
kt!p
*gsP^
A:3`
H1fU
:qv'
@N^TB*$
*m98\
:6uf
<*We
HxpI
*pcTB
glk3
=*i"
zU:k
<Mj#Q
<S8*]
>W 0o
eLA3
>$K;A'J
cqgj
'b+-
Xj(?
`@<G
s0c>
xXw@w
G2xzA
''A8I.
3gGlC
k~bX
6J=t
?la5
7~5c
sQ"SO3
kG?<n
D@k$
R/VbuL
bcgvN
}wTh
hk.W
e+)o
eeG^~
yVzWn_
f7hA/
.,B$H
2ouX
:xl3k
^o4,
~n{3
,F6u+&
gFD%
{M1Q=
H9,'
aN.h7
t9a!m"I
>1&pU)7
GaNcLk
nde)j
0[Fv
KIsU
BHUIXv\
FIG~
DuQ)`
$-P4
RgeK
`g{/
Ns2Q}
4tgf%
Yw?`D
u_3B
[D;j9
RF)8
INIY
RL,@d
nJ'%
jFD%
 knT4
mJQ%II5$J
`~6w
[7bTU
.l.j
TU_2
k8\2
VBc!Y
+B1j
}uLs
uw\;m
/.gUx0f
ov]VC
o^Ij
$v-R
J"aMv~
h4W0
T S9
0xPX
.F]hNr
=}[8
3RQF
uHET
0Nti)
=(wl
)iMq?
g{Va
uB1E
R(*9
mop[
0o|I< v
7ae_
^/h'
=O[1
<d'lzo?
vuuv
N!'@
]4Uz
!,@F
9<2c
zal^
'+nmd
>cGy#{
D0zUu
ec5 hY
d3/~
Ji$Y
vq,P
I_jN3
_KnF
)]yW
Fy|6P
lO%i
n)z`-
zC|m9
"\Wz
Peho7
L(>eF
nZ=n|9
KZ!b
L%t=3@
~:qR
U$T+
|cF!
cyUma
YgX=
"C6/
uL/2
Ix4A
-iPv'
Go-K
68O=
QtB)
o;=;
x]|+=7
G'4O.
D)<o9|
v:jb
q&*]
!ars
!.9*
oA(0@
2!(&
'jau,
J)~Q2
F'`=
lvq*
DdtC
M`Rg
<>(s
(2xx
,jE-
Wyg/.
-s=%
yiVr
4R'7M
nA^B
RgXzXnM
a4o@d
UFkc
ex5C.
H`!Q
M84'
qT|e
rD!X
c_>3
ct*;
^bQg
h9/#Z
GdK{jm
wK@?
+C;o
.A^)
d]`*
PwW$
x%hbi\
zke+o
4@&.
`/~;
ihb;vLL
zh'2
HTB>
.gO)
aO)sX
8M31
o'j@
4qof
>ZfX#V
9~CF
!rZTr
RkAd
6f#N
oq7M
41U+
=*tJ
$ad~
u_)O
AdxP
?4PUK
<Yyq
JViq
`uKKr
mCF[K
\ZT;
b{p|
3$ag
)`{J$l
'edDM0
B{x*
BP5N
.`G#mBS0
eFeK
vi/]J
2 lh
KFF>
JQ`L
/*mN
>rGqB
hMT+
 k8[
3-}e
+W%h
gxk,
%DWW
(YAa
M0BsT
RTI~
}=eG0
7fS1
RAv@c
raBE
qBa)
Fb'NX
FR'pW8
R+$o
07/x
L$/4
8x|J
>5>6
8Wg<
nXjp
b9E>
2 h;_
"Llf~
xG5CV^
7/nX
R0bW
+sWU
n`iY
=Q\;u0
CGW'
A$Oe
r:t]
qPz;
e^cl
Z{?#lD/
`8]7>I
ZLVG
WE$b
MV_srp
,wN"T
<mg>
GDM?
h^S'
TU+G
'v$Ze!+
/e@c
V?Lx
s{m}wF
:+]*
p.Dl5
H#Irs_
[snBK
Stm|^]
DEST3
I3?r(
xE>H
7-cx
`>I(
PB=&
F*%^j
pvCp
5j{9
zJ=G
i'U:
ZLmj`
H1DWM
i)@6t
&>vNr
F%1L
Zbc-f
a?-z
QW`r
)czE)
r@WJ
(9t(
u<Xl`
c[0n
LLEb5^
G$9,Q
IE&j>
o!^lOiv
#d<|
}VHL
Gh_*"[I
[!+|:
!EhL
([p;
8!8p
[tHR
5[<0
H=wV"
Be<;I5
@sQ%,
_,L[
C9u.47
,v"E
Om*k)Z
ElIM
Tk9_
UBUY
}X]v
"n_B
/>TY
5jh|'y
Lm#x%
T@8"]P
pLUS+
95_-
fLM,
.%/]
]U7~
-?`u
i E!
n)-z
{9S:
Tl52P
aj^t@
$#Rc
[j*[
7kcE
m]?=
[8"%
Xi!*
rR'_
S58Xy#7
6cv2
4]4F
]h4m:
#~=I<
RsszP
SMb~
cIrU|
@]<g
j0Dw
(!j`
^%56J
dMZ!k
u<Q.T
9F^sJ
`5Kz
b=[P1<
O7>Q
Tu4w
li^`
IR-;
yi{~U
6H_i
NQE,
h6JN,
BNG]e
=$R_5X
AEB2V
_`X V]/
/'Ic
Oq>?6B
AT!,
bb0h
V~>[`U
:!8S
6<ZjRD
W53&`
^i#N
LFv$
\F6HFm
g/q]S
!Ga"
T!<O.yS
6<*u3
p?{vb
k[oB
H V%
.Z  
pUd}
jPStL
H0P*
@e|J
rU^sD+
 Sx@
cp7i
[WK?y
J8Vx
2dN?
1wE)
`C8qgH
64]"Am
Z*BlF
|r|8z-
pr]D0
d&]`P
eo<Z:
((E6
qi[v
0.Kn
MT$n-
IOuYw
LQBP
m%PP%qG
&Ql\<
#  tbmM
Q$#0
|bJGQ!
hQ6$,.
%Ne5`(
4Kdi
pp,71
wtC2
Ac1Dgs7
EM^Pm
d.J"J
^v C
moHw
LOh1
e)NZ
WAS2
=EkHc
#R#3
y9t cL
s!Ze
{5fV
/T^:
G;gg
wLvF
,sP3
5$;()
r*^.
q6)"
vO.K]
+j&k T
yvU1
FA7(
VGvT 
,PF>f=
#hxn/
'4fX6=Hn
QFdj
/2KL
}HAi
m?orO(W5
3t!~
|e^O
AhJg#
wdV-
Jm-}
P*RT
X#z(
/xnv
1>&{
[Y![
gEhuMz
lKoX
]4]Tu_
i0Yl
3L'_%
8v{~O
>L)J\*
eRQ5#
0WaA
TEpJ
6}xNB
MM>ZwU0
xHmf
XfLv
w>5e
e4,_
KVD\
l37N
tc#R<
*#M9
?7eL]4t
[R7(
dyG=
g7u#pi
|g"#Lo
>mZIDo
*cbW
^:s&
BoV7
P7\]
J8v~
zdUb
+.9^
gmmf
fnP9
AWIFafJ
t=n+7
Ku+C
>.?xh6\
c.sR%
1Z/k
ll}@IW{
u#x+
8&Yq
GnR,5E
$TP=
/0?C
IU7cD
#jy1
d*ds
4?*9_e
UI"C
lIOl
Vkn\
+s`}A
wH[D
7 _AXJ
DFi>
}@eW
O=&^
Qj":F
e FM
Yo2~
v3F$sR
|L'<`
TN4N.
Fd=}c
I}Y#=Sf
Q++M
z7,*%
OqNqpS@
lcQ[
`L#w2.
UE>Ie
ur=d
teya
o]Y)f
mRh3
5!#j
r\eU
AE~]+
4kDM
>^5(
c*ZNI
k;\Y
NEzR^
wl@|N
-o&}7
LLp&
,4OJ
Z,tUx
wy~p
x._X~
c0GD
>s5'
MP6.V
eSE\
(7.$
q7K-
A$wM
)@Lb
=Y+T
_;N4
CPRb
yHHQ
$t- e
g6rXv
< 5z"S$}
jdJ"?
weZL
w.2R
}=P|
Y9Q0N5
u82d)
[8f8
+*A%
,<9K
V;nO
d>O)
wC><p
b6e9
RD.t:
12u3
x#U?
!KW8
ZMWXl
.a0{j
:V>pF
=kpT
w68S
$=0)
mosh
_+#{+FLv
AZE" 
[7jL
rS*&
G8QC
.6bP
w+A;U4.
q Fj3
M$r,
'wVt
;WDK
b ,O`
j"MQ
R%Uq
<QY}?W
w;:/
[?nF$
2e`,
6#v\
Meid
:U#x
tKCI
u6qY
7UOY
1g<\
@6m$c
jgH=
PAxV
(!ZBq
%t[1
"6sPU
kD9j>
PL-Ly^
Wr@M
No.<b
sIZ2
Mvq^
8NL4
bP34_u=(
h<!=
2M {2
AR,<H
fzW_EYY
9%0__
P\`&[b
mug9K|
{lwH5
+HZ-
|)a5
a<=Y&(
gIKJM
\)ngt
L)_ka
mhgI
Vn \AZ
)mBB$
^d/A.V
Nx I
-A$n
3xm6*
mo%Qm
Cwny
KW_Wj
k@bX
)w.SV
(Vq{
Z<};ERS%
t_G[j
{jn|
!>=n
u=g,r
UIl]J
NSk&w!du
|k-3
E,gZ
ugC)Us
x$"=
$X,`
PaOL4
Oc0u
e(_,VX
2X!n
{a)T"
xB_*2pl
*-z6
AGcG
e>`{lf
L)7q
:awD
|rp`
cS!x
HD[b
nB:V
3ds^Y
k[<O
=|sS8
r6o1
{!2v
5w\*A3+1}`
{W~^
.8zue
(,s;
/()*
}BaB
2:I2L
BE C
l8#{
i7|'
~/sh
Ykph
ue!u
:NE,F
ua4X[@
8<BmKvP
L{J]
}'/6
p&#d
gn|on
M4=T
\GjaR
B<-?
WeGi
N>fZ
eNNMd
)Vv 
:4}svF
L#8k
"Zm6
J?YD
oSZr
xBIO
-"]ri0
_;74
 &F:
d%ep 
*/O+L
XXr/]H
KrG]
gekZY
,%VR]
Gfx8z?
1w~~"v
5U(-p[;e
-vn3
$M~w
 6?M+
1tJZdx8
LH#5s
|Cq-tP`
HBB(
)<k_
f>a@
^c4>
:]yx
P7N;
DO8y{
mL7Y
9)pB
m>w#;U%
5O,0O
7L=x
]"}p
]Q~y@
a=)b 
~{Xbt
O`f,~
`c6k[g
'RD;8
iM1$
9eOg
lNin
qPH.
S2Ba
Wg]4'
vSm"
LGQH
JS2r
YHQF
ux9k
Hb$t
<xz[
@8%dIh-
e$vp
)$uW
TAy*_
!%b_
K0RAF-V
cjw&
Mc&wc
A~J[!0
bwz(
03h2
dkG&
(9gL
qx\c
WlC#
ehkI
3fH~|
smgd
?F9Z
!@_g}C
Om)=^
^{^R
b*~b
Fz|1
Ctbu
{,0VB
nu){
;\+pY
=o5|[
}`Y,n
OayT
B'ei+
JMh:
$4/;t
Kuch
x$m8
K?zj
%?A}
rxnC
TRi%u
nNQNw4
`*\NO6
!F;u
IL>=
I$p\
NCsN
I{e,
9fS-i
iZ46
x/x;;
v'j6l
Oq{1
7ih79
S'7R
U};0
K\#{
 I}xI
hHsG
$n6]3
qJ8T
!D O
s}6v#Bg
o8lad
 $B>
AJRf
.\kq
Z12U
gMqpe?g
jM:q
kE=H
GemZ4
{2&0
v T~
f{Fe
[.ZJ
Z f4d
GF7!>T
kFfT
AtPJ
vOTg
*#&c
NrYJ
)QzWE
!jz6
P]<xR7N
uY]ux
E6Nm
|*<yN
89-7S
]"4^
7sO="
sI<A
V#(N)
4]m4A
~Tm^,
8su*
)k"_
j!cM
}TU~ym
s2vC"
"W3I
|0]S<
Q&Q|W9
'*u)s'8
a)u1omUy?de
oM]:o
PsDvA
Tro(q
P7zZ{
xO#>
SLlO
u^1X
X2cxl
3]W".6
yt7Z
;,s.
FWKR/
;O?{
A^C/
-k+w
hQb]
Nqnz
J~Eg_
KpQaa
(evJS
Eq, 
Ny-\
4AET
9)?aK(G
AH5r_
OM!Us
~dow
e?#j
#;@j
gk:b
w"mj
>*1u
>x_F
C/vjr
VaXtXd
OM^6
;b2h"
olH`
m+we
&?|U
)[ulT-
OvWC
jTRU
poRv
=YkW
4<5l
]fE~lE
|?z]h
VB2^
8)\#z+
>w#s
u}Qo
<ylJ)W<
e 4&
'X'_CJ
#EOd
=T.0
NXw 
E`m#
{a0/t
[+qT
JgV_
k(}$
Zvh.
*xV/
?q;cp#K
jihv
l2IJZ
L=Q),
trJL
^`-6
CoG 
h.ed#
]<Fs
tiR&.k
f2\t
UjgWx%fW
OOE7pDn
|!]?
9}>b
}{hA>GR8
Bi0>
xb6rP
`hyY
9{D?
oNFF
v8Ws7
%8(*
m.$H
Rx8 
=kG/
Om[q
Gpm3
Mo5p
Z8p=
Yo&q
~#<TM
/y&&
!I]l
W]))
CufQ
>p5R
Ri;8
j>6W
W@L>'
"Q((
{wcawV
7nz/
!|uk
:lf*
^F$N
~mbv
!qyRse
&stk
M"Fc
|hD8S
-<D[
o&9o
{0`TQ
kKF)
dykA
{=hi
:Tqr
?4rn=
AYG{M
J#P\
:\%U
]g:+
&hsY
+3~_
b1L/K
4I')Z
-8jVKu
s "(
yO=q}
'gSo
;mzDy
ED$@
sp2o
?SD}
Ia`m
Z0&",
Jqd[
]p/4*
]8-l
m>#t
ur"B
rUH1<
o3$=>d
+nw7
V+6:
E:iV
0sQw
Xq5;
5wZf
oP/W
n?O]
_0oe
dFBS
>>Jno
H@kB
Tvc&@
NOguF,j.
SvNn
T}#3
1;Xo
pAm@8
j)eQI$G
EnW"$
O$A@
8@}hh
jjgK:
:qgy0I
L\z7
%Y|f
1kN+T
E%7d
}-5l
GfHb}0
^dqM
C8Q2%
U>2h
.x7\
VXL>R4
JT|)3
wSiY
+#4X
X*<P
5-F*T
b@i!
p86!
.H4Fm!WU
."@r&
O@.@B{
=Ec9
1Xsju
6. ZJ3m
<@qP-
/25T9
, hC7
9J1{5
Jp!*
fEl=]V
ybEo
Mhmy
1E'*.6
;PS=xi
2WOZ
.}7k
6t4a
V"D(]
ymZm
O&>$+
*J0F)
?Zr'S
|{Du
2l3l
3UIf
-Uy-
~(*4
'OUy(
k <)
;s@s
<>]n
qjI]L
55/Cwy/
^4Bn
K@srJ(
t-1@
v`T"
4:4r
.x|(:
0vpv
BaR8
OoY\
q&Z|
r|Eu5
@?Q]
 *<.
/32]
hcBfO
,=-$2
m+d$
u1`O
LG<W
e3DB
x@0m
$"vz[
78t_
0;U\
d?ki"?^
d.UMbj
ENu?
">HMO
@pLMt
F;#T
@fIh
v]dz
7Jb]f
yU-A
ZrK-
a49f
Ppzr
zVeu
_sXF
9`&j
9aapY
y*|`|+\[
k/0@l"
7]T4
+v#T
C6+hk
_q>x
aj{XOx
i:/1
%%Dy
5[gs
uCYh
-`T7x
!U^*T
)t>U
_{Pc
q%@ETt
Q^sP~5|u
FHMZs
[+|@c
}13y0
DMfZ
4@A{
5S#h
CIiN
-^7@
<E72
fkfv
&c\%
qlPpv
=@YY[
G,!QQ>d
1a}}
/0w--?R
nSyj
7e8!
V Pj
S<w$
hJ0$
`-8K
InO\p
ZMl/
N$!LA\
w>CHJ
$g)@N
@eSTT
g}$x
mxeY
~rxG
Fw?@
x)n=
UmeX
%vg46
bi'i
"M:,
6p:!5
kXV4x
e3cl
eH9y
tK}h
EM87
S*vy
 PI!
M\^xW
V?XR
2}|Zj
i~i:
*RsX
syU%
H&.<$
Wcnv
08P8
NQDt
<$M=
lLM1
PT&G
U1LQ{
.k=*+
sNdT
a2~0g
pbV(
,Bx<m
{j<*
(jHN
q>Vf
ZzH6TM-
nr~;
p3b_l
X?2$
6NtIkOhP
LJrT6
5cll
7/9-Zy
Uilo
1J&}
JC>K
;V`m

Hash Analysis:
Calculating hashes...
MD5: b5648913e12f4e89cb997c6b1971f91c
SHA-1: 08f7a80b7af7710863b0ed69a2e45b9367b8e703
SHA-256: ba3aa0c64894eb657392a4c0aba0058092fe29bd15356989347f7899179d806a

Binwalk Analysis:
Performing binwalk analysis...
Signature Results:
	Microsoft executable, portable (PE)    0x00000000
	PNG image, 256 x 256, 8-bit/color RGBA, non-interlaced    0x00007E50
	Zlib compressed data, best compression    0x00007E79
	XML document, version: "1.0"    0x0001FC28

Entropy Analysis:
Calculating entropy...
